{"D:\\PROJECT\\prisma-typescript-1\\backend5\\index.ts": {"path":"D:\\PROJECT\\prisma-typescript-1\\backend5\\index.ts","statementMap":{"0":{"start":{"line":13,"column":0},"end":{"line":13,"column":16}},"1":{"start":{"line":15,"column":13},"end":{"line":15,"column":31}},"2":{"start":{"line":38,"column":29},"end":{"line":38,"column":38}},"3":{"start":{"line":58,"column":0},"end":{"line":58,"column":27}},"4":{"start":{"line":59,"column":0},"end":{"line":59,"column":52}},"5":{"start":{"line":60,"column":0},"end":{"line":60,"column":24}},"6":{"start":{"line":61,"column":0},"end":{"line":61,"column":24}},"7":{"start":{"line":62,"column":0},"end":{"line":62,"column":18}},"8":{"start":{"line":63,"column":0},"end":{"line":71,"column":2}},"9":{"start":{"line":73,"column":0},"end":{"line":90,"column":2}},"10":{"start":{"line":105,"column":0},"end":{"line":105,"column":20}},"11":{"start":{"line":106,"column":0},"end":{"line":106,"column":20}},"12":{"start":{"line":114,"column":13},"end":{"line":114,"column":75}},"13":{"start":{"line":116,"column":0},"end":{"line":118,"column":1}},"14":{"start":{"line":117,"column":2},"end":{"line":117,"column":60}},"15":{"start":{"line":117,"column":25},"end":{"line":117,"column":58}}},"fnMap":{"0":{"name":"(anonymous_0)","decl":{"start":{"line":117,"column":19},"end":{"line":117,"column":20}},"loc":{"start":{"line":117,"column":25},"end":{"line":117,"column":58}},"line":117}},"branchMap":{"0":{"loc":{"start":{"line":114,"column":13},"end":{"line":114,"column":75}},"type":"cond-expr","locations":[{"start":{"line":114,"column":47},"end":{"line":114,"column":68}},{"start":{"line":114,"column":71},"end":{"line":114,"column":75}}],"line":114},"1":{"loc":{"start":{"line":116,"column":0},"end":{"line":118,"column":1}},"type":"if","locations":[{"start":{"line":116,"column":0},"end":{"line":118,"column":1}},{"start":{},"end":{}}],"line":116}},"s":{"0":1,"1":1,"2":1,"3":1,"4":1,"5":1,"6":1,"7":1,"8":1,"9":1,"10":1,"11":1,"12":1,"13":1,"14":0,"15":0},"f":{"0":0},"b":{"0":[1,0],"1":[0,1]},"_coverageSchema":"1a1c01bbd47fc00a2c39e90264f33305004495a9","hash":"91119c5246b62adb06ecada1b148acff509675a7"}
,"D:\\PROJECT\\prisma-typescript-1\\backend5\\prismaClient.ts": {"path":"D:\\PROJECT\\prisma-typescript-1\\backend5\\prismaClient.ts","statementMap":{"0":{"start":{"line":3,"column":15},"end":{"line":3,"column":33}}},"fnMap":{},"branchMap":{},"s":{"0":1},"f":{},"b":{},"_coverageSchema":"1a1c01bbd47fc00a2c39e90264f33305004495a9","hash":"b2ce33f268dced61d9d667eafa2681369a293ca6"}
,"D:\\PROJECT\\prisma-typescript-1\\backend5\\dist\\index.js": {"path":"D:\\PROJECT\\prisma-typescript-1\\backend5\\dist\\index.js","statementMap":{"0":{"start":{"line":2,"column":22},"end":{"line":4,"column":1}},"1":{"start":{"line":3,"column":4},"end":{"line":3,"column":62}},"2":{"start":{"line":5,"column":0},"end":{"line":5,"column":62}},"3":{"start":{"line":6,"column":18},"end":{"line":6,"column":53}},"4":{"start":{"line":7,"column":22},"end":{"line":7,"column":61}},"5":{"start":{"line":8,"column":24},"end":{"line":8,"column":65}},"6":{"start":{"line":9,"column":17},"end":{"line":9,"column":51}},"7":{"start":{"line":10,"column":21},"end":{"line":10,"column":72}},"8":{"start":{"line":11,"column":21},"end":{"line":11,"column":72}},"9":{"start":{"line":12,"column":17},"end":{"line":12,"column":51}},"10":{"start":{"line":13,"column":15},"end":{"line":13,"column":47}},"11":{"start":{"line":14,"column":26},"end":{"line":14,"column":69}},"12":{"start":{"line":15,"column":17},"end":{"line":15,"column":42}},"13":{"start":{"line":16,"column":0},"end":{"line":16,"column":26}},"14":{"start":{"line":17,"column":13},"end":{"line":17,"column":40}},"15":{"start":{"line":36,"column":12},"end":{"line":36,"column":36}},"16":{"start":{"line":37,"column":0},"end":{"line":37,"column":38}},"17":{"start":{"line":38,"column":0},"end":{"line":38,"column":63}},"18":{"start":{"line":39,"column":0},"end":{"line":39,"column":40}},"19":{"start":{"line":40,"column":0},"end":{"line":40,"column":34}},"20":{"start":{"line":41,"column":0},"end":{"line":41,"column":33}},"21":{"start":{"line":42,"column":0},"end":{"line":48,"column":4}},"22":{"start":{"line":49,"column":0},"end":{"line":64,"column":4}},"23":{"start":{"line":77,"column":0},"end":{"line":77,"column":30}},"24":{"start":{"line":78,"column":0},"end":{"line":78,"column":30}},"25":{"start":{"line":83,"column":13},"end":{"line":83,"column":75}},"26":{"start":{"line":84,"column":0},"end":{"line":86,"column":1}},"27":{"start":{"line":85,"column":4},"end":{"line":85,"column":62}},"28":{"start":{"line":85,"column":27},"end":{"line":85,"column":60}},"29":{"start":{"line":87,"column":0},"end":{"line":87,"column":22}}},"fnMap":{"0":{"name":"(anonymous_0)","decl":{"start":{"line":2,"column":56},"end":{"line":2,"column":57}},"loc":{"start":{"line":2,"column":71},"end":{"line":4,"column":1}},"line":2},"1":{"name":"(anonymous_1)","decl":{"start":{"line":85,"column":21},"end":{"line":85,"column":22}},"loc":{"start":{"line":85,"column":27},"end":{"line":85,"column":60}},"line":85}},"branchMap":{"0":{"loc":{"start":{"line":2,"column":22},"end":{"line":4,"column":1}},"type":"binary-expr","locations":[{"start":{"line":2,"column":23},"end":{"line":2,"column":27}},{"start":{"line":2,"column":31},"end":{"line":2,"column":51}},{"start":{"line":2,"column":56},"end":{"line":4,"column":1}}],"line":2},"1":{"loc":{"start":{"line":3,"column":11},"end":{"line":3,"column":61}},"type":"cond-expr","locations":[{"start":{"line":3,"column":37},"end":{"line":3,"column":40}},{"start":{"line":3,"column":43},"end":{"line":3,"column":61}}],"line":3},"2":{"loc":{"start":{"line":3,"column":12},"end":{"line":3,"column":33}},"type":"binary-expr","locations":[{"start":{"line":3,"column":12},"end":{"line":3,"column":15}},{"start":{"line":3,"column":19},"end":{"line":3,"column":33}}],"line":3},"3":{"loc":{"start":{"line":83,"column":13},"end":{"line":83,"column":75}},"type":"cond-expr","locations":[{"start":{"line":83,"column":47},"end":{"line":83,"column":68}},{"start":{"line":83,"column":71},"end":{"line":83,"column":75}}],"line":83},"4":{"loc":{"start":{"line":84,"column":0},"end":{"line":86,"column":1}},"type":"if","locations":[{"start":{"line":84,"column":0},"end":{"line":86,"column":1}},{"start":{},"end":{}}],"line":84}},"s":{"0":1,"1":9,"2":1,"3":1,"4":1,"5":1,"6":1,"7":1,"8":1,"9":1,"10":1,"11":1,"12":1,"13":1,"14":1,"15":1,"16":1,"17":1,"18":1,"19":1,"20":1,"21":1,"22":1,"23":1,"24":1,"25":1,"26":1,"27":0,"28":0,"29":1},"f":{"0":9,"1":0},"b":{"0":[1,0,1],"1":[2,7],"2":[9,9],"3":[1,0],"4":[0,1]},"_coverageSchema":"1a1c01bbd47fc00a2c39e90264f33305004495a9","hash":"f48849c498ed8ebe38977ac2b62384be056b262c"}
,"D:\\PROJECT\\prisma-typescript-1\\backend5\\dist\\prismaClient.js": {"path":"D:\\PROJECT\\prisma-typescript-1\\backend5\\dist\\prismaClient.js","statementMap":{"0":{"start":{"line":2,"column":0},"end":{"line":2,"column":62}},"1":{"start":{"line":3,"column":17},"end":{"line":3,"column":42}},"2":{"start":{"line":4,"column":15},"end":{"line":4,"column":42}},"3":{"start":{"line":5,"column":0},"end":{"line":5,"column":25}}},"fnMap":{},"branchMap":{},"s":{"0":1,"1":1,"2":1,"3":1},"f":{},"b":{},"_coverageSchema":"1a1c01bbd47fc00a2c39e90264f33305004495a9","hash":"61dd600a7894e68fd20935e77975c70a732bc543"}
,"D:\\PROJECT\\prisma-typescript-1\\backend5\\dist\\middleware\\auth.js": {"path":"D:\\PROJECT\\prisma-typescript-1\\backend5\\dist\\middleware\\auth.js","statementMap":{"0":{"start":{"line":2,"column":22},"end":{"line":4,"column":1}},"1":{"start":{"line":3,"column":4},"end":{"line":3,"column":62}},"2":{"start":{"line":5,"column":0},"end":{"line":5,"column":62}},"3":{"start":{"line":6,"column":23},"end":{"line":6,"column":66}},"4":{"start":{"line":7,"column":17},"end":{"line":7,"column":51}},"5":{"start":{"line":15,"column":14},"end":{"line":39,"column":1}},"6":{"start":{"line":16,"column":4},"end":{"line":38,"column":5}},"7":{"start":{"line":17,"column":20},"end":{"line":21,"column":10}},"8":{"start":{"line":22,"column":8},"end":{"line":23,"column":77}},"9":{"start":{"line":23,"column":12},"end":{"line":23,"column":77}},"10":{"start":{"line":24,"column":31},"end":{"line":24,"column":43}},"11":{"start":{"line":25,"column":22},"end":{"line":25,"column":86}},"12":{"start":{"line":26,"column":8},"end":{"line":27,"column":86}},"13":{"start":{"line":27,"column":12},"end":{"line":27,"column":86}},"14":{"start":{"line":28,"column":8},"end":{"line":28,"column":36}},"15":{"start":{"line":29,"column":19},"end":{"line":29,"column":25}},"16":{"start":{"line":30,"column":21},"end":{"line":30,"column":29}},"17":{"start":{"line":31,"column":22},"end":{"line":31,"column":31}},"18":{"start":{"line":32,"column":21},"end":{"line":32,"column":29}},"19":{"start":{"line":33,"column":21},"end":{"line":33,"column":39}},"20":{"start":{"line":34,"column":8},"end":{"line":34,"column":96}},"21":{"start":{"line":37,"column":8},"end":{"line":37,"column":44}},"22":{"start":{"line":40,"column":14},"end":{"line":55,"column":1}},"23":{"start":{"line":41,"column":4},"end":{"line":42,"column":70}},"24":{"start":{"line":42,"column":8},"end":{"line":42,"column":70}},"25":{"start":{"line":43,"column":16},"end":{"line":51,"column":6}},"26":{"start":{"line":52,"column":4},"end":{"line":53,"column":73}},"27":{"start":{"line":53,"column":8},"end":{"line":53,"column":73}},"28":{"start":{"line":54,"column":4},"end":{"line":54,"column":30}},"29":{"start":{"line":56,"column":15},"end":{"line":62,"column":1}},"30":{"start":{"line":57,"column":4},"end":{"line":61,"column":7}},"31":{"start":{"line":58,"column":8},"end":{"line":59,"column":68}},"32":{"start":{"line":59,"column":12},"end":{"line":59,"column":68}},"33":{"start":{"line":60,"column":8},"end":{"line":60,"column":61}},"34":{"start":{"line":63,"column":0},"end":{"line":63,"column":43}}},"fnMap":{"0":{"name":"(anonymous_0)","decl":{"start":{"line":2,"column":56},"end":{"line":2,"column":57}},"loc":{"start":{"line":2,"column":71},"end":{"line":4,"column":1}},"line":2},"1":{"name":"(anonymous_1)","decl":{"start":{"line":15,"column":14},"end":{"line":15,"column":15}},"loc":{"start":{"line":15,"column":34},"end":{"line":39,"column":1}},"line":15},"2":{"name":"(anonymous_2)","decl":{"start":{"line":40,"column":14},"end":{"line":40,"column":15}},"loc":{"start":{"line":40,"column":34},"end":{"line":55,"column":1}},"line":40},"3":{"name":"(anonymous_3)","decl":{"start":{"line":56,"column":15},"end":{"line":56,"column":16}},"loc":{"start":{"line":56,"column":35},"end":{"line":62,"column":1}},"line":56},"4":{"name":"(anonymous_4)","decl":{"start":{"line":57,"column":24},"end":{"line":57,"column":25}},"loc":{"start":{"line":57,"column":35},"end":{"line":61,"column":5}},"line":57}},"branchMap":{"0":{"loc":{"start":{"line":2,"column":22},"end":{"line":4,"column":1}},"type":"binary-expr","locations":[{"start":{"line":2,"column":23},"end":{"line":2,"column":27}},{"start":{"line":2,"column":31},"end":{"line":2,"column":51}},{"start":{"line":2,"column":56},"end":{"line":4,"column":1}}],"line":2},"1":{"loc":{"start":{"line":3,"column":11},"end":{"line":3,"column":61}},"type":"cond-expr","locations":[{"start":{"line":3,"column":37},"end":{"line":3,"column":40}},{"start":{"line":3,"column":43},"end":{"line":3,"column":61}}],"line":3},"2":{"loc":{"start":{"line":3,"column":12},"end":{"line":3,"column":33}},"type":"binary-expr","locations":[{"start":{"line":3,"column":12},"end":{"line":3,"column":15}},{"start":{"line":3,"column":19},"end":{"line":3,"column":33}}],"line":3},"3":{"loc":{"start":{"line":22,"column":8},"end":{"line":23,"column":77}},"type":"if","locations":[{"start":{"line":22,"column":8},"end":{"line":23,"column":77}},{"start":{},"end":{}}],"line":22},"4":{"loc":{"start":{"line":26,"column":8},"end":{"line":27,"column":86}},"type":"if","locations":[{"start":{"line":26,"column":8},"end":{"line":27,"column":86}},{"start":{},"end":{}}],"line":26},"5":{"loc":{"start":{"line":41,"column":4},"end":{"line":42,"column":70}},"type":"if","locations":[{"start":{"line":41,"column":4},"end":{"line":42,"column":70}},{"start":{},"end":{}}],"line":41},"6":{"loc":{"start":{"line":52,"column":4},"end":{"line":53,"column":73}},"type":"if","locations":[{"start":{"line":52,"column":4},"end":{"line":53,"column":73}},{"start":{},"end":{}}],"line":52},"7":{"loc":{"start":{"line":58,"column":8},"end":{"line":59,"column":68}},"type":"if","locations":[{"start":{"line":58,"column":8},"end":{"line":59,"column":68}},{"start":{},"end":{}}],"line":58}},"s":{"0":1,"1":2,"2":1,"3":1,"4":1,"5":1,"6":0,"7":0,"8":0,"9":0,"10":0,"11":0,"12":0,"13":0,"14":0,"15":0,"16":0,"17":0,"18":0,"19":0,"20":0,"21":0,"22":1,"23":0,"24":0,"25":0,"26":0,"27":0,"28":0,"29":1,"30":0,"31":0,"32":0,"33":0,"34":1},"f":{"0":2,"1":0,"2":0,"3":0,"4":0},"b":{"0":[1,0,1],"1":[1,1],"2":[2,2],"3":[0,0],"4":[0,0],"5":[0,0],"6":[0,0],"7":[0,0]},"_coverageSchema":"1a1c01bbd47fc00a2c39e90264f33305004495a9","hash":"63ab6da85c02776f44a78dff4c4c0e9039630592"}
,"D:\\PROJECT\\prisma-typescript-1\\backend5\\dist\\middleware\\authRouteProtect.js": {"path":"D:\\PROJECT\\prisma-typescript-1\\backend5\\dist\\middleware\\authRouteProtect.js","statementMap":{"0":{"start":{"line":2,"column":22},"end":{"line":4,"column":1}},"1":{"start":{"line":3,"column":4},"end":{"line":3,"column":62}},"2":{"start":{"line":5,"column":0},"end":{"line":5,"column":62}},"3":{"start":{"line":6,"column":0},"end":{"line":6,"column":47}},"4":{"start":{"line":7,"column":23},"end":{"line":7,"column":66}},"5":{"start":{"line":9,"column":18},"end":{"line":23,"column":1}},"6":{"start":{"line":10,"column":4},"end":{"line":11,"column":74}},"7":{"start":{"line":11,"column":8},"end":{"line":11,"column":74}},"8":{"start":{"line":12,"column":16},"end":{"line":17,"column":6}},"9":{"start":{"line":18,"column":4},"end":{"line":19,"column":73}},"10":{"start":{"line":19,"column":8},"end":{"line":19,"column":73}},"11":{"start":{"line":20,"column":4},"end":{"line":20,"column":24}},"12":{"start":{"line":21,"column":4},"end":{"line":21,"column":24}},"13":{"start":{"line":22,"column":4},"end":{"line":22,"column":11}},"14":{"start":{"line":24,"column":0},"end":{"line":24,"column":30}},"15":{"start":{"line":30,"column":18},"end":{"line":42,"column":1}},"16":{"start":{"line":31,"column":16},"end":{"line":36,"column":6}},"17":{"start":{"line":37,"column":4},"end":{"line":38,"column":73}},"18":{"start":{"line":38,"column":8},"end":{"line":38,"column":73}},"19":{"start":{"line":39,"column":4},"end":{"line":40,"column":68}},"20":{"start":{"line":40,"column":8},"end":{"line":40,"column":68}},"21":{"start":{"line":41,"column":4},"end":{"line":41,"column":11}},"22":{"start":{"line":43,"column":0},"end":{"line":43,"column":30}}},"fnMap":{"0":{"name":"(anonymous_0)","decl":{"start":{"line":2,"column":56},"end":{"line":2,"column":57}},"loc":{"start":{"line":2,"column":71},"end":{"line":4,"column":1}},"line":2},"1":{"name":"(anonymous_1)","decl":{"start":{"line":9,"column":18},"end":{"line":9,"column":19}},"loc":{"start":{"line":9,"column":44},"end":{"line":23,"column":1}},"line":9},"2":{"name":"(anonymous_2)","decl":{"start":{"line":30,"column":18},"end":{"line":30,"column":19}},"loc":{"start":{"line":30,"column":44},"end":{"line":42,"column":1}},"line":30}},"branchMap":{"0":{"loc":{"start":{"line":2,"column":22},"end":{"line":4,"column":1}},"type":"binary-expr","locations":[{"start":{"line":2,"column":23},"end":{"line":2,"column":27}},{"start":{"line":2,"column":31},"end":{"line":2,"column":51}},{"start":{"line":2,"column":56},"end":{"line":4,"column":1}}],"line":2},"1":{"loc":{"start":{"line":3,"column":11},"end":{"line":3,"column":61}},"type":"cond-expr","locations":[{"start":{"line":3,"column":37},"end":{"line":3,"column":40}},{"start":{"line":3,"column":43},"end":{"line":3,"column":61}}],"line":3},"2":{"loc":{"start":{"line":3,"column":12},"end":{"line":3,"column":33}},"type":"binary-expr","locations":[{"start":{"line":3,"column":12},"end":{"line":3,"column":15}},{"start":{"line":3,"column":19},"end":{"line":3,"column":33}}],"line":3},"3":{"loc":{"start":{"line":10,"column":4},"end":{"line":11,"column":74}},"type":"if","locations":[{"start":{"line":10,"column":4},"end":{"line":11,"column":74}},{"start":{},"end":{}}],"line":10},"4":{"loc":{"start":{"line":18,"column":4},"end":{"line":19,"column":73}},"type":"if","locations":[{"start":{"line":18,"column":4},"end":{"line":19,"column":73}},{"start":{},"end":{}}],"line":18},"5":{"loc":{"start":{"line":37,"column":4},"end":{"line":38,"column":73}},"type":"if","locations":[{"start":{"line":37,"column":4},"end":{"line":38,"column":73}},{"start":{},"end":{}}],"line":37},"6":{"loc":{"start":{"line":39,"column":4},"end":{"line":40,"column":68}},"type":"if","locations":[{"start":{"line":39,"column":4},"end":{"line":40,"column":68}},{"start":{},"end":{}}],"line":39}},"s":{"0":1,"1":1,"2":1,"3":1,"4":1,"5":1,"6":3,"7":3,"8":0,"9":0,"10":0,"11":0,"12":0,"13":0,"14":1,"15":1,"16":0,"17":0,"18":0,"19":0,"20":0,"21":0,"22":1},"f":{"0":1,"1":3,"2":0},"b":{"0":[1,0,1],"1":[1,0],"2":[1,1],"3":[3,0],"4":[0,0],"5":[0,0],"6":[0,0]},"_coverageSchema":"1a1c01bbd47fc00a2c39e90264f33305004495a9","hash":"9b86a080c373fa6910a2dc8e4d53327fe22ef101"}
,"D:\\PROJECT\\prisma-typescript-1\\backend5\\dist\\src\\controller\\pembeliController.js": {"path":"D:\\PROJECT\\prisma-typescript-1\\backend5\\dist\\src\\controller\\pembeliController.js","statementMap":{"0":{"start":{"line":2,"column":22},"end":{"line":4,"column":1}},"1":{"start":{"line":3,"column":4},"end":{"line":3,"column":62}},"2":{"start":{"line":5,"column":0},"end":{"line":5,"column":62}},"3":{"start":{"line":6,"column":23},"end":{"line":6,"column":69}},"4":{"start":{"line":8,"column":32},"end":{"line":16,"column":1}},"5":{"start":{"line":9,"column":4},"end":{"line":15,"column":5}},"6":{"start":{"line":10,"column":24},"end":{"line":10,"column":71}},"7":{"start":{"line":11,"column":8},"end":{"line":11,"column":38}},"8":{"start":{"line":14,"column":8},"end":{"line":14,"column":44}},"9":{"start":{"line":18,"column":31},"end":{"line":29,"column":1}},"10":{"start":{"line":19,"column":19},"end":{"line":19,"column":29}},"11":{"start":{"line":20,"column":4},"end":{"line":28,"column":5}},"12":{"start":{"line":21,"column":24},"end":{"line":21,"column":94}},"13":{"start":{"line":22,"column":8},"end":{"line":23,"column":71}},"14":{"start":{"line":23,"column":12},"end":{"line":23,"column":71}},"15":{"start":{"line":24,"column":8},"end":{"line":24,"column":38}},"16":{"start":{"line":27,"column":8},"end":{"line":27,"column":44}},"17":{"start":{"line":31,"column":32},"end":{"line":47,"column":1}},"18":{"start":{"line":32,"column":44},"end":{"line":32,"column":52}},"19":{"start":{"line":33,"column":4},"end":{"line":46,"column":5}},"20":{"start":{"line":34,"column":8},"end":{"line":41,"column":11}},"21":{"start":{"line":42,"column":8},"end":{"line":42,"column":67}},"22":{"start":{"line":45,"column":8},"end":{"line":45,"column":44}},"23":{"start":{"line":49,"column":32},"end":{"line":59,"column":1}},"24":{"start":{"line":50,"column":19},"end":{"line":50,"column":29}},"25":{"start":{"line":51,"column":44},"end":{"line":51,"column":52}},"26":{"start":{"line":52,"column":4},"end":{"line":58,"column":5}},"27":{"start":{"line":53,"column":8},"end":{"line":53,"column":114}},"28":{"start":{"line":54,"column":8},"end":{"line":54,"column":67}},"29":{"start":{"line":57,"column":8},"end":{"line":57,"column":44}},"30":{"start":{"line":61,"column":32},"end":{"line":70,"column":1}},"31":{"start":{"line":62,"column":19},"end":{"line":62,"column":29}},"32":{"start":{"line":63,"column":4},"end":{"line":69,"column":5}},"33":{"start":{"line":64,"column":8},"end":{"line":64,"column":75}},"34":{"start":{"line":65,"column":8},"end":{"line":65,"column":71}},"35":{"start":{"line":68,"column":8},"end":{"line":68,"column":44}},"36":{"start":{"line":71,"column":0},"end":{"line":71,"column":145}}},"fnMap":{"0":{"name":"(anonymous_0)","decl":{"start":{"line":2,"column":56},"end":{"line":2,"column":57}},"loc":{"start":{"line":2,"column":71},"end":{"line":4,"column":1}},"line":2},"1":{"name":"(anonymous_1)","decl":{"start":{"line":8,"column":32},"end":{"line":8,"column":33}},"loc":{"start":{"line":8,"column":52},"end":{"line":16,"column":1}},"line":8},"2":{"name":"(anonymous_2)","decl":{"start":{"line":18,"column":31},"end":{"line":18,"column":32}},"loc":{"start":{"line":18,"column":51},"end":{"line":29,"column":1}},"line":18},"3":{"name":"(anonymous_3)","decl":{"start":{"line":31,"column":32},"end":{"line":31,"column":33}},"loc":{"start":{"line":31,"column":52},"end":{"line":47,"column":1}},"line":31},"4":{"name":"(anonymous_4)","decl":{"start":{"line":49,"column":32},"end":{"line":49,"column":33}},"loc":{"start":{"line":49,"column":52},"end":{"line":59,"column":1}},"line":49},"5":{"name":"(anonymous_5)","decl":{"start":{"line":61,"column":32},"end":{"line":61,"column":33}},"loc":{"start":{"line":61,"column":52},"end":{"line":70,"column":1}},"line":61}},"branchMap":{"0":{"loc":{"start":{"line":2,"column":22},"end":{"line":4,"column":1}},"type":"binary-expr","locations":[{"start":{"line":2,"column":23},"end":{"line":2,"column":27}},{"start":{"line":2,"column":31},"end":{"line":2,"column":51}},{"start":{"line":2,"column":56},"end":{"line":4,"column":1}}],"line":2},"1":{"loc":{"start":{"line":3,"column":11},"end":{"line":3,"column":61}},"type":"cond-expr","locations":[{"start":{"line":3,"column":37},"end":{"line":3,"column":40}},{"start":{"line":3,"column":43},"end":{"line":3,"column":61}}],"line":3},"2":{"loc":{"start":{"line":3,"column":12},"end":{"line":3,"column":33}},"type":"binary-expr","locations":[{"start":{"line":3,"column":12},"end":{"line":3,"column":15}},{"start":{"line":3,"column":19},"end":{"line":3,"column":33}}],"line":3},"3":{"loc":{"start":{"line":22,"column":8},"end":{"line":23,"column":71}},"type":"if","locations":[{"start":{"line":22,"column":8},"end":{"line":23,"column":71}},{"start":{},"end":{}}],"line":22}},"s":{"0":1,"1":1,"2":1,"3":1,"4":1,"5":0,"6":0,"7":0,"8":0,"9":1,"10":0,"11":0,"12":0,"13":0,"14":0,"15":0,"16":0,"17":1,"18":0,"19":0,"20":0,"21":0,"22":0,"23":1,"24":0,"25":0,"26":0,"27":0,"28":0,"29":0,"30":1,"31":0,"32":0,"33":0,"34":0,"35":0,"36":1},"f":{"0":1,"1":0,"2":0,"3":0,"4":0,"5":0},"b":{"0":[1,0,1],"1":[1,0],"2":[1,1],"3":[0,0]},"_coverageSchema":"1a1c01bbd47fc00a2c39e90264f33305004495a9","hash":"07f4776b921ad7e3c1c71326c31c304040cc028e"}
,"D:\\PROJECT\\prisma-typescript-1\\backend5\\dist\\src\\controller\\penggunaController.js": {"path":"D:\\PROJECT\\prisma-typescript-1\\backend5\\dist\\src\\controller\\penggunaController.js","statementMap":{"0":{"start":{"line":2,"column":22},"end":{"line":4,"column":1}},"1":{"start":{"line":3,"column":4},"end":{"line":3,"column":62}},"2":{"start":{"line":5,"column":0},"end":{"line":5,"column":62}},"3":{"start":{"line":6,"column":23},"end":{"line":6,"column":69}},"4":{"start":{"line":7,"column":17},"end":{"line":7,"column":51}},"5":{"start":{"line":9,"column":33},"end":{"line":17,"column":1}},"6":{"start":{"line":10,"column":4},"end":{"line":16,"column":5}},"7":{"start":{"line":11,"column":22},"end":{"line":11,"column":70}},"8":{"start":{"line":12,"column":8},"end":{"line":12,"column":36}},"9":{"start":{"line":15,"column":8},"end":{"line":15,"column":70}},"10":{"start":{"line":19,"column":32},"end":{"line":30,"column":1}},"11":{"start":{"line":20,"column":19},"end":{"line":20,"column":29}},"12":{"start":{"line":21,"column":4},"end":{"line":29,"column":5}},"13":{"start":{"line":22,"column":25},"end":{"line":22,"column":96}},"14":{"start":{"line":23,"column":8},"end":{"line":24,"column":72}},"15":{"start":{"line":24,"column":12},"end":{"line":24,"column":72}},"16":{"start":{"line":25,"column":8},"end":{"line":25,"column":39}},"17":{"start":{"line":28,"column":8},"end":{"line":28,"column":70}},"18":{"start":{"line":32,"column":33},"end":{"line":51,"column":1}},"19":{"start":{"line":33,"column":53},"end":{"line":33,"column":61}},"20":{"start":{"line":34,"column":4},"end":{"line":35,"column":68}},"21":{"start":{"line":35,"column":8},"end":{"line":35,"column":68}},"22":{"start":{"line":36,"column":17},"end":{"line":36,"column":54}},"23":{"start":{"line":37,"column":4},"end":{"line":50,"column":5}},"24":{"start":{"line":38,"column":8},"end":{"line":45,"column":11}},"25":{"start":{"line":46,"column":8},"end":{"line":46,"column":67}},"26":{"start":{"line":49,"column":8},"end":{"line":49,"column":36}},"27":{"start":{"line":53,"column":33},"end":{"line":63,"column":1}},"28":{"start":{"line":54,"column":19},"end":{"line":54,"column":29}},"29":{"start":{"line":55,"column":44},"end":{"line":55,"column":52}},"30":{"start":{"line":56,"column":4},"end":{"line":62,"column":5}},"31":{"start":{"line":57,"column":8},"end":{"line":57,"column":115}},"32":{"start":{"line":58,"column":8},"end":{"line":58,"column":67}},"33":{"start":{"line":61,"column":8},"end":{"line":61,"column":70}},"34":{"start":{"line":65,"column":33},"end":{"line":74,"column":1}},"35":{"start":{"line":66,"column":19},"end":{"line":66,"column":29}},"36":{"start":{"line":67,"column":4},"end":{"line":73,"column":5}},"37":{"start":{"line":68,"column":8},"end":{"line":68,"column":76}},"38":{"start":{"line":69,"column":8},"end":{"line":69,"column":71}},"39":{"start":{"line":72,"column":8},"end":{"line":72,"column":68}},"40":{"start":{"line":75,"column":0},"end":{"line":75,"column":150}}},"fnMap":{"0":{"name":"(anonymous_0)","decl":{"start":{"line":2,"column":56},"end":{"line":2,"column":57}},"loc":{"start":{"line":2,"column":71},"end":{"line":4,"column":1}},"line":2},"1":{"name":"(anonymous_1)","decl":{"start":{"line":9,"column":33},"end":{"line":9,"column":34}},"loc":{"start":{"line":9,"column":53},"end":{"line":17,"column":1}},"line":9},"2":{"name":"(anonymous_2)","decl":{"start":{"line":19,"column":32},"end":{"line":19,"column":33}},"loc":{"start":{"line":19,"column":52},"end":{"line":30,"column":1}},"line":19},"3":{"name":"(anonymous_3)","decl":{"start":{"line":32,"column":33},"end":{"line":32,"column":34}},"loc":{"start":{"line":32,"column":53},"end":{"line":51,"column":1}},"line":32},"4":{"name":"(anonymous_4)","decl":{"start":{"line":53,"column":33},"end":{"line":53,"column":34}},"loc":{"start":{"line":53,"column":53},"end":{"line":63,"column":1}},"line":53},"5":{"name":"(anonymous_5)","decl":{"start":{"line":65,"column":33},"end":{"line":65,"column":34}},"loc":{"start":{"line":65,"column":53},"end":{"line":74,"column":1}},"line":65}},"branchMap":{"0":{"loc":{"start":{"line":2,"column":22},"end":{"line":4,"column":1}},"type":"binary-expr","locations":[{"start":{"line":2,"column":23},"end":{"line":2,"column":27}},{"start":{"line":2,"column":31},"end":{"line":2,"column":51}},{"start":{"line":2,"column":56},"end":{"line":4,"column":1}}],"line":2},"1":{"loc":{"start":{"line":3,"column":11},"end":{"line":3,"column":61}},"type":"cond-expr","locations":[{"start":{"line":3,"column":37},"end":{"line":3,"column":40}},{"start":{"line":3,"column":43},"end":{"line":3,"column":61}}],"line":3},"2":{"loc":{"start":{"line":3,"column":12},"end":{"line":3,"column":33}},"type":"binary-expr","locations":[{"start":{"line":3,"column":12},"end":{"line":3,"column":15}},{"start":{"line":3,"column":19},"end":{"line":3,"column":33}}],"line":3},"3":{"loc":{"start":{"line":23,"column":8},"end":{"line":24,"column":72}},"type":"if","locations":[{"start":{"line":23,"column":8},"end":{"line":24,"column":72}},{"start":{},"end":{}}],"line":23},"4":{"loc":{"start":{"line":34,"column":4},"end":{"line":35,"column":68}},"type":"if","locations":[{"start":{"line":34,"column":4},"end":{"line":35,"column":68}},{"start":{},"end":{}}],"line":34}},"s":{"0":1,"1":2,"2":1,"3":1,"4":1,"5":1,"6":0,"7":0,"8":0,"9":0,"10":1,"11":0,"12":0,"13":0,"14":0,"15":0,"16":0,"17":0,"18":1,"19":0,"20":0,"21":0,"22":0,"23":0,"24":0,"25":0,"26":0,"27":1,"28":0,"29":0,"30":0,"31":0,"32":0,"33":0,"34":1,"35":0,"36":0,"37":0,"38":0,"39":0,"40":1},"f":{"0":2,"1":0,"2":0,"3":0,"4":0,"5":0},"b":{"0":[1,0,1],"1":[1,1],"2":[2,2],"3":[0,0],"4":[0,0]},"_coverageSchema":"1a1c01bbd47fc00a2c39e90264f33305004495a9","hash":"930c60b6207ff66713704aa057c39b0d52688ab0"}
,"D:\\PROJECT\\prisma-typescript-1\\backend5\\dist\\src\\controller\\produkController.js": {"path":"D:\\PROJECT\\prisma-typescript-1\\backend5\\dist\\src\\controller\\produkController.js","statementMap":{"0":{"start":{"line":2,"column":22},"end":{"line":4,"column":1}},"1":{"start":{"line":3,"column":4},"end":{"line":3,"column":62}},"2":{"start":{"line":5,"column":0},"end":{"line":5,"column":62}},"3":{"start":{"line":6,"column":23},"end":{"line":6,"column":69}},"4":{"start":{"line":8,"column":31},"end":{"line":20,"column":1}},"5":{"start":{"line":9,"column":4},"end":{"line":19,"column":5}},"6":{"start":{"line":10,"column":23},"end":{"line":14,"column":10}},"7":{"start":{"line":15,"column":8},"end":{"line":15,"column":37}},"8":{"start":{"line":18,"column":8},"end":{"line":18,"column":44}},"9":{"start":{"line":22,"column":30},"end":{"line":33,"column":1}},"10":{"start":{"line":23,"column":19},"end":{"line":23,"column":29}},"11":{"start":{"line":24,"column":4},"end":{"line":32,"column":5}},"12":{"start":{"line":25,"column":23},"end":{"line":25,"column":92}},"13":{"start":{"line":26,"column":8},"end":{"line":27,"column":70}},"14":{"start":{"line":27,"column":12},"end":{"line":27,"column":70}},"15":{"start":{"line":28,"column":8},"end":{"line":28,"column":37}},"16":{"start":{"line":31,"column":8},"end":{"line":31,"column":44}},"17":{"start":{"line":35,"column":31},"end":{"line":67,"column":1}},"18":{"start":{"line":36,"column":60},"end":{"line":36,"column":68}},"19":{"start":{"line":37,"column":16},"end":{"line":46,"column":6}},"20":{"start":{"line":47,"column":4},"end":{"line":48,"column":71}},"21":{"start":{"line":48,"column":8},"end":{"line":48,"column":71}},"22":{"start":{"line":49,"column":4},"end":{"line":66,"column":5}},"23":{"start":{"line":50,"column":8},"end":{"line":61,"column":11}},"24":{"start":{"line":62,"column":8},"end":{"line":62,"column":65}},"25":{"start":{"line":65,"column":8},"end":{"line":65,"column":44}},"26":{"start":{"line":69,"column":31},"end":{"line":102,"column":1}},"27":{"start":{"line":70,"column":19},"end":{"line":70,"column":29}},"28":{"start":{"line":71,"column":60},"end":{"line":71,"column":68}},"29":{"start":{"line":72,"column":16},"end":{"line":81,"column":6}},"30":{"start":{"line":82,"column":4},"end":{"line":83,"column":71}},"31":{"start":{"line":83,"column":8},"end":{"line":83,"column":71}},"32":{"start":{"line":84,"column":4},"end":{"line":101,"column":5}},"33":{"start":{"line":85,"column":8},"end":{"line":96,"column":11}},"34":{"start":{"line":97,"column":8},"end":{"line":97,"column":65}},"35":{"start":{"line":100,"column":8},"end":{"line":100,"column":44}},"36":{"start":{"line":104,"column":31},"end":{"line":113,"column":1}},"37":{"start":{"line":105,"column":19},"end":{"line":105,"column":29}},"38":{"start":{"line":106,"column":4},"end":{"line":112,"column":5}},"39":{"start":{"line":107,"column":8},"end":{"line":107,"column":74}},"40":{"start":{"line":108,"column":8},"end":{"line":108,"column":69}},"41":{"start":{"line":111,"column":8},"end":{"line":111,"column":44}},"42":{"start":{"line":114,"column":0},"end":{"line":114,"column":140}}},"fnMap":{"0":{"name":"(anonymous_0)","decl":{"start":{"line":2,"column":56},"end":{"line":2,"column":57}},"loc":{"start":{"line":2,"column":71},"end":{"line":4,"column":1}},"line":2},"1":{"name":"(anonymous_1)","decl":{"start":{"line":8,"column":31},"end":{"line":8,"column":32}},"loc":{"start":{"line":8,"column":51},"end":{"line":20,"column":1}},"line":8},"2":{"name":"(anonymous_2)","decl":{"start":{"line":22,"column":30},"end":{"line":22,"column":31}},"loc":{"start":{"line":22,"column":50},"end":{"line":33,"column":1}},"line":22},"3":{"name":"(anonymous_3)","decl":{"start":{"line":35,"column":31},"end":{"line":35,"column":32}},"loc":{"start":{"line":35,"column":51},"end":{"line":67,"column":1}},"line":35},"4":{"name":"(anonymous_4)","decl":{"start":{"line":69,"column":31},"end":{"line":69,"column":32}},"loc":{"start":{"line":69,"column":51},"end":{"line":102,"column":1}},"line":69},"5":{"name":"(anonymous_5)","decl":{"start":{"line":104,"column":31},"end":{"line":104,"column":32}},"loc":{"start":{"line":104,"column":51},"end":{"line":113,"column":1}},"line":104}},"branchMap":{"0":{"loc":{"start":{"line":2,"column":22},"end":{"line":4,"column":1}},"type":"binary-expr","locations":[{"start":{"line":2,"column":23},"end":{"line":2,"column":27}},{"start":{"line":2,"column":31},"end":{"line":2,"column":51}},{"start":{"line":2,"column":56},"end":{"line":4,"column":1}}],"line":2},"1":{"loc":{"start":{"line":3,"column":11},"end":{"line":3,"column":61}},"type":"cond-expr","locations":[{"start":{"line":3,"column":37},"end":{"line":3,"column":40}},{"start":{"line":3,"column":43},"end":{"line":3,"column":61}}],"line":3},"2":{"loc":{"start":{"line":3,"column":12},"end":{"line":3,"column":33}},"type":"binary-expr","locations":[{"start":{"line":3,"column":12},"end":{"line":3,"column":15}},{"start":{"line":3,"column":19},"end":{"line":3,"column":33}}],"line":3},"3":{"loc":{"start":{"line":26,"column":8},"end":{"line":27,"column":70}},"type":"if","locations":[{"start":{"line":26,"column":8},"end":{"line":27,"column":70}},{"start":{},"end":{}}],"line":26},"4":{"loc":{"start":{"line":47,"column":4},"end":{"line":48,"column":71}},"type":"if","locations":[{"start":{"line":47,"column":4},"end":{"line":48,"column":71}},{"start":{},"end":{}}],"line":47},"5":{"loc":{"start":{"line":82,"column":4},"end":{"line":83,"column":71}},"type":"if","locations":[{"start":{"line":82,"column":4},"end":{"line":83,"column":71}},{"start":{},"end":{}}],"line":82}},"s":{"0":1,"1":1,"2":1,"3":1,"4":1,"5":0,"6":0,"7":0,"8":0,"9":1,"10":0,"11":0,"12":0,"13":0,"14":0,"15":0,"16":0,"17":1,"18":0,"19":0,"20":0,"21":0,"22":0,"23":0,"24":0,"25":0,"26":1,"27":0,"28":0,"29":0,"30":0,"31":0,"32":0,"33":0,"34":0,"35":0,"36":1,"37":0,"38":0,"39":0,"40":0,"41":0,"42":1},"f":{"0":1,"1":0,"2":0,"3":0,"4":0,"5":0},"b":{"0":[1,0,1],"1":[1,0],"2":[1,1],"3":[0,0],"4":[0,0],"5":[0,0]},"_coverageSchema":"1a1c01bbd47fc00a2c39e90264f33305004495a9","hash":"e50d5d765d8a1378737f19a5a85cce9fc8740ad3"}
,"D:\\PROJECT\\prisma-typescript-1\\backend5\\dist\\src\\controller\\purchasingController.js": {"path":"D:\\PROJECT\\prisma-typescript-1\\backend5\\dist\\src\\controller\\purchasingController.js","statementMap":{"0":{"start":{"line":2,"column":22},"end":{"line":4,"column":1}},"1":{"start":{"line":3,"column":4},"end":{"line":3,"column":62}},"2":{"start":{"line":5,"column":0},"end":{"line":5,"column":62}},"3":{"start":{"line":6,"column":23},"end":{"line":6,"column":69}},"4":{"start":{"line":8,"column":35},"end":{"line":31,"column":1}},"5":{"start":{"line":9,"column":4},"end":{"line":30,"column":5}},"6":{"start":{"line":10,"column":27},"end":{"line":25,"column":10}},"7":{"start":{"line":26,"column":8},"end":{"line":26,"column":41}},"8":{"start":{"line":29,"column":8},"end":{"line":29,"column":44}},"9":{"start":{"line":33,"column":34},"end":{"line":44,"column":1}},"10":{"start":{"line":34,"column":19},"end":{"line":34,"column":29}},"11":{"start":{"line":35,"column":4},"end":{"line":43,"column":5}},"12":{"start":{"line":36,"column":27},"end":{"line":36,"column":100}},"13":{"start":{"line":37,"column":8},"end":{"line":38,"column":71}},"14":{"start":{"line":38,"column":12},"end":{"line":38,"column":71}},"15":{"start":{"line":39,"column":8},"end":{"line":39,"column":41}},"16":{"start":{"line":42,"column":8},"end":{"line":42,"column":44}},"17":{"start":{"line":46,"column":35},"end":{"line":75,"column":1}},"18":{"start":{"line":47,"column":72},"end":{"line":47,"column":80}},"19":{"start":{"line":48,"column":19},"end":{"line":48,"column":97}},"20":{"start":{"line":49,"column":4},"end":{"line":50,"column":71}},"21":{"start":{"line":50,"column":8},"end":{"line":50,"column":71}},"22":{"start":{"line":51,"column":19},"end":{"line":51,"column":97}},"23":{"start":{"line":52,"column":4},"end":{"line":53,"column":71}},"24":{"start":{"line":53,"column":8},"end":{"line":53,"column":71}},"25":{"start":{"line":54,"column":18},"end":{"line":54,"column":64}},"26":{"start":{"line":55,"column":4},"end":{"line":74,"column":5}},"27":{"start":{"line":56,"column":8},"end":{"line":69,"column":11}},"28":{"start":{"line":70,"column":8},"end":{"line":70,"column":69}},"29":{"start":{"line":73,"column":8},"end":{"line":73,"column":44}},"30":{"start":{"line":77,"column":35},"end":{"line":87,"column":1}},"31":{"start":{"line":78,"column":19},"end":{"line":78,"column":29}},"32":{"start":{"line":79,"column":58},"end":{"line":79,"column":66}},"33":{"start":{"line":80,"column":4},"end":{"line":86,"column":5}},"34":{"start":{"line":81,"column":8},"end":{"line":81,"column":131}},"35":{"start":{"line":82,"column":8},"end":{"line":82,"column":69}},"36":{"start":{"line":85,"column":8},"end":{"line":85,"column":44}},"37":{"start":{"line":89,"column":35},"end":{"line":98,"column":1}},"38":{"start":{"line":90,"column":19},"end":{"line":90,"column":29}},"39":{"start":{"line":91,"column":4},"end":{"line":97,"column":5}},"40":{"start":{"line":92,"column":8},"end":{"line":92,"column":78}},"41":{"start":{"line":93,"column":8},"end":{"line":93,"column":73}},"42":{"start":{"line":96,"column":8},"end":{"line":96,"column":44}},"43":{"start":{"line":99,"column":0},"end":{"line":99,"column":160}}},"fnMap":{"0":{"name":"(anonymous_0)","decl":{"start":{"line":2,"column":56},"end":{"line":2,"column":57}},"loc":{"start":{"line":2,"column":71},"end":{"line":4,"column":1}},"line":2},"1":{"name":"(anonymous_1)","decl":{"start":{"line":8,"column":35},"end":{"line":8,"column":36}},"loc":{"start":{"line":8,"column":55},"end":{"line":31,"column":1}},"line":8},"2":{"name":"(anonymous_2)","decl":{"start":{"line":33,"column":34},"end":{"line":33,"column":35}},"loc":{"start":{"line":33,"column":54},"end":{"line":44,"column":1}},"line":33},"3":{"name":"(anonymous_3)","decl":{"start":{"line":46,"column":35},"end":{"line":46,"column":36}},"loc":{"start":{"line":46,"column":55},"end":{"line":75,"column":1}},"line":46},"4":{"name":"(anonymous_4)","decl":{"start":{"line":77,"column":35},"end":{"line":77,"column":36}},"loc":{"start":{"line":77,"column":55},"end":{"line":87,"column":1}},"line":77},"5":{"name":"(anonymous_5)","decl":{"start":{"line":89,"column":35},"end":{"line":89,"column":36}},"loc":{"start":{"line":89,"column":55},"end":{"line":98,"column":1}},"line":89}},"branchMap":{"0":{"loc":{"start":{"line":2,"column":22},"end":{"line":4,"column":1}},"type":"binary-expr","locations":[{"start":{"line":2,"column":23},"end":{"line":2,"column":27}},{"start":{"line":2,"column":31},"end":{"line":2,"column":51}},{"start":{"line":2,"column":56},"end":{"line":4,"column":1}}],"line":2},"1":{"loc":{"start":{"line":3,"column":11},"end":{"line":3,"column":61}},"type":"cond-expr","locations":[{"start":{"line":3,"column":37},"end":{"line":3,"column":40}},{"start":{"line":3,"column":43},"end":{"line":3,"column":61}}],"line":3},"2":{"loc":{"start":{"line":3,"column":12},"end":{"line":3,"column":33}},"type":"binary-expr","locations":[{"start":{"line":3,"column":12},"end":{"line":3,"column":15}},{"start":{"line":3,"column":19},"end":{"line":3,"column":33}}],"line":3},"3":{"loc":{"start":{"line":37,"column":8},"end":{"line":38,"column":71}},"type":"if","locations":[{"start":{"line":37,"column":8},"end":{"line":38,"column":71}},{"start":{},"end":{}}],"line":37},"4":{"loc":{"start":{"line":49,"column":4},"end":{"line":50,"column":71}},"type":"if","locations":[{"start":{"line":49,"column":4},"end":{"line":50,"column":71}},{"start":{},"end":{}}],"line":49},"5":{"loc":{"start":{"line":52,"column":4},"end":{"line":53,"column":71}},"type":"if","locations":[{"start":{"line":52,"column":4},"end":{"line":53,"column":71}},{"start":{},"end":{}}],"line":52}},"s":{"0":1,"1":1,"2":1,"3":1,"4":1,"5":0,"6":0,"7":0,"8":0,"9":1,"10":0,"11":0,"12":0,"13":0,"14":0,"15":0,"16":0,"17":1,"18":0,"19":0,"20":0,"21":0,"22":0,"23":0,"24":0,"25":0,"26":0,"27":0,"28":0,"29":0,"30":1,"31":0,"32":0,"33":0,"34":0,"35":0,"36":0,"37":1,"38":0,"39":0,"40":0,"41":0,"42":0,"43":1},"f":{"0":1,"1":0,"2":0,"3":0,"4":0,"5":0},"b":{"0":[1,0,1],"1":[1,0],"2":[1,1],"3":[0,0],"4":[0,0],"5":[0,0]},"_coverageSchema":"1a1c01bbd47fc00a2c39e90264f33305004495a9","hash":"2a1317a65ae81d5a9f27e42e61c64df29ae6aa95"}
,"D:\\PROJECT\\prisma-typescript-1\\backend5\\dist\\src\\controller\\salesController.js": {"path":"D:\\PROJECT\\prisma-typescript-1\\backend5\\dist\\src\\controller\\salesController.js","statementMap":{"0":{"start":{"line":2,"column":22},"end":{"line":4,"column":1}},"1":{"start":{"line":3,"column":4},"end":{"line":3,"column":62}},"2":{"start":{"line":5,"column":0},"end":{"line":5,"column":62}},"3":{"start":{"line":6,"column":23},"end":{"line":6,"column":69}},"4":{"start":{"line":8,"column":30},"end":{"line":16,"column":1}},"5":{"start":{"line":9,"column":4},"end":{"line":15,"column":5}},"6":{"start":{"line":10,"column":22},"end":{"line":10,"column":67}},"7":{"start":{"line":11,"column":8},"end":{"line":11,"column":36}},"8":{"start":{"line":14,"column":8},"end":{"line":14,"column":44}},"9":{"start":{"line":18,"column":29},"end":{"line":29,"column":1}},"10":{"start":{"line":19,"column":19},"end":{"line":19,"column":29}},"11":{"start":{"line":20,"column":4},"end":{"line":28,"column":5}},"12":{"start":{"line":21,"column":22},"end":{"line":21,"column":90}},"13":{"start":{"line":22,"column":8},"end":{"line":23,"column":69}},"14":{"start":{"line":23,"column":12},"end":{"line":23,"column":69}},"15":{"start":{"line":24,"column":8},"end":{"line":24,"column":36}},"16":{"start":{"line":27,"column":8},"end":{"line":27,"column":44}},"17":{"start":{"line":31,"column":30},"end":{"line":47,"column":1}},"18":{"start":{"line":32,"column":44},"end":{"line":32,"column":52}},"19":{"start":{"line":33,"column":4},"end":{"line":46,"column":5}},"20":{"start":{"line":34,"column":8},"end":{"line":41,"column":11}},"21":{"start":{"line":42,"column":8},"end":{"line":42,"column":64}},"22":{"start":{"line":45,"column":8},"end":{"line":45,"column":44}},"23":{"start":{"line":49,"column":30},"end":{"line":59,"column":1}},"24":{"start":{"line":50,"column":19},"end":{"line":50,"column":29}},"25":{"start":{"line":51,"column":44},"end":{"line":51,"column":52}},"26":{"start":{"line":52,"column":4},"end":{"line":58,"column":5}},"27":{"start":{"line":53,"column":8},"end":{"line":53,"column":112}},"28":{"start":{"line":54,"column":8},"end":{"line":54,"column":64}},"29":{"start":{"line":57,"column":8},"end":{"line":57,"column":44}},"30":{"start":{"line":61,"column":30},"end":{"line":70,"column":1}},"31":{"start":{"line":62,"column":19},"end":{"line":62,"column":29}},"32":{"start":{"line":63,"column":4},"end":{"line":69,"column":5}},"33":{"start":{"line":64,"column":8},"end":{"line":64,"column":73}},"34":{"start":{"line":65,"column":8},"end":{"line":65,"column":68}},"35":{"start":{"line":68,"column":8},"end":{"line":68,"column":44}},"36":{"start":{"line":71,"column":0},"end":{"line":71,"column":135}}},"fnMap":{"0":{"name":"(anonymous_0)","decl":{"start":{"line":2,"column":56},"end":{"line":2,"column":57}},"loc":{"start":{"line":2,"column":71},"end":{"line":4,"column":1}},"line":2},"1":{"name":"(anonymous_1)","decl":{"start":{"line":8,"column":30},"end":{"line":8,"column":31}},"loc":{"start":{"line":8,"column":50},"end":{"line":16,"column":1}},"line":8},"2":{"name":"(anonymous_2)","decl":{"start":{"line":18,"column":29},"end":{"line":18,"column":30}},"loc":{"start":{"line":18,"column":49},"end":{"line":29,"column":1}},"line":18},"3":{"name":"(anonymous_3)","decl":{"start":{"line":31,"column":30},"end":{"line":31,"column":31}},"loc":{"start":{"line":31,"column":50},"end":{"line":47,"column":1}},"line":31},"4":{"name":"(anonymous_4)","decl":{"start":{"line":49,"column":30},"end":{"line":49,"column":31}},"loc":{"start":{"line":49,"column":50},"end":{"line":59,"column":1}},"line":49},"5":{"name":"(anonymous_5)","decl":{"start":{"line":61,"column":30},"end":{"line":61,"column":31}},"loc":{"start":{"line":61,"column":50},"end":{"line":70,"column":1}},"line":61}},"branchMap":{"0":{"loc":{"start":{"line":2,"column":22},"end":{"line":4,"column":1}},"type":"binary-expr","locations":[{"start":{"line":2,"column":23},"end":{"line":2,"column":27}},{"start":{"line":2,"column":31},"end":{"line":2,"column":51}},{"start":{"line":2,"column":56},"end":{"line":4,"column":1}}],"line":2},"1":{"loc":{"start":{"line":3,"column":11},"end":{"line":3,"column":61}},"type":"cond-expr","locations":[{"start":{"line":3,"column":37},"end":{"line":3,"column":40}},{"start":{"line":3,"column":43},"end":{"line":3,"column":61}}],"line":3},"2":{"loc":{"start":{"line":3,"column":12},"end":{"line":3,"column":33}},"type":"binary-expr","locations":[{"start":{"line":3,"column":12},"end":{"line":3,"column":15}},{"start":{"line":3,"column":19},"end":{"line":3,"column":33}}],"line":3},"3":{"loc":{"start":{"line":22,"column":8},"end":{"line":23,"column":69}},"type":"if","locations":[{"start":{"line":22,"column":8},"end":{"line":23,"column":69}},{"start":{},"end":{}}],"line":22}},"s":{"0":1,"1":1,"2":1,"3":1,"4":1,"5":0,"6":0,"7":0,"8":0,"9":1,"10":0,"11":0,"12":0,"13":0,"14":0,"15":0,"16":0,"17":1,"18":0,"19":0,"20":0,"21":0,"22":0,"23":1,"24":0,"25":0,"26":0,"27":0,"28":0,"29":0,"30":1,"31":0,"32":0,"33":0,"34":0,"35":0,"36":1},"f":{"0":1,"1":0,"2":0,"3":0,"4":0,"5":0},"b":{"0":[1,0,1],"1":[1,0],"2":[1,1],"3":[0,0]},"_coverageSchema":"1a1c01bbd47fc00a2c39e90264f33305004495a9","hash":"a834df82019bcd9a4a08b118d68d17f18b709bf7"}
,"D:\\PROJECT\\prisma-typescript-1\\backend5\\dist\\src\\controller\\transaksiController.js": {"path":"D:\\PROJECT\\prisma-typescript-1\\backend5\\dist\\src\\controller\\transaksiController.js","statementMap":{"0":{"start":{"line":2,"column":22},"end":{"line":4,"column":1}},"1":{"start":{"line":3,"column":4},"end":{"line":3,"column":62}},"2":{"start":{"line":5,"column":0},"end":{"line":5,"column":62}},"3":{"start":{"line":6,"column":23},"end":{"line":6,"column":69}},"4":{"start":{"line":7,"column":34},"end":{"line":36,"column":1}},"5":{"start":{"line":8,"column":4},"end":{"line":35,"column":5}},"6":{"start":{"line":9,"column":19},"end":{"line":30,"column":10}},"7":{"start":{"line":31,"column":8},"end":{"line":31,"column":33}},"8":{"start":{"line":34,"column":8},"end":{"line":34,"column":44}},"9":{"start":{"line":37,"column":33},"end":{"line":49,"column":1}},"10":{"start":{"line":38,"column":4},"end":{"line":48,"column":5}},"11":{"start":{"line":39,"column":19},"end":{"line":43,"column":10}},"12":{"start":{"line":44,"column":8},"end":{"line":44,"column":33}},"13":{"start":{"line":47,"column":8},"end":{"line":47,"column":44}},"14":{"start":{"line":50,"column":34},"end":{"line":80,"column":1}},"15":{"start":{"line":51,"column":110},"end":{"line":51,"column":118}},"16":{"start":{"line":52,"column":19},"end":{"line":52,"column":97}},"17":{"start":{"line":53,"column":20},"end":{"line":53,"column":100}},"18":{"start":{"line":54,"column":18},"end":{"line":54,"column":94}},"19":{"start":{"line":55,"column":4},"end":{"line":56,"column":71}},"20":{"start":{"line":56,"column":8},"end":{"line":56,"column":71}},"21":{"start":{"line":57,"column":4},"end":{"line":79,"column":5}},"22":{"start":{"line":58,"column":8},"end":{"line":74,"column":11}},"23":{"start":{"line":75,"column":8},"end":{"line":75,"column":73}},"24":{"start":{"line":78,"column":8},"end":{"line":78,"column":44}},"25":{"start":{"line":81,"column":34},"end":{"line":81,"column":57}},"26":{"start":{"line":82,"column":34},"end":{"line":82,"column":57}},"27":{"start":{"line":83,"column":0},"end":{"line":83,"column":155}}},"fnMap":{"0":{"name":"(anonymous_0)","decl":{"start":{"line":2,"column":56},"end":{"line":2,"column":57}},"loc":{"start":{"line":2,"column":71},"end":{"line":4,"column":1}},"line":2},"1":{"name":"(anonymous_1)","decl":{"start":{"line":7,"column":34},"end":{"line":7,"column":35}},"loc":{"start":{"line":7,"column":54},"end":{"line":36,"column":1}},"line":7},"2":{"name":"(anonymous_2)","decl":{"start":{"line":37,"column":33},"end":{"line":37,"column":34}},"loc":{"start":{"line":37,"column":53},"end":{"line":49,"column":1}},"line":37},"3":{"name":"(anonymous_3)","decl":{"start":{"line":50,"column":34},"end":{"line":50,"column":35}},"loc":{"start":{"line":50,"column":54},"end":{"line":80,"column":1}},"line":50},"4":{"name":"(anonymous_4)","decl":{"start":{"line":81,"column":34},"end":{"line":81,"column":35}},"loc":{"start":{"line":81,"column":54},"end":{"line":81,"column":57}},"line":81},"5":{"name":"(anonymous_5)","decl":{"start":{"line":82,"column":34},"end":{"line":82,"column":35}},"loc":{"start":{"line":82,"column":54},"end":{"line":82,"column":57}},"line":82}},"branchMap":{"0":{"loc":{"start":{"line":2,"column":22},"end":{"line":4,"column":1}},"type":"binary-expr","locations":[{"start":{"line":2,"column":23},"end":{"line":2,"column":27}},{"start":{"line":2,"column":31},"end":{"line":2,"column":51}},{"start":{"line":2,"column":56},"end":{"line":4,"column":1}}],"line":2},"1":{"loc":{"start":{"line":3,"column":11},"end":{"line":3,"column":61}},"type":"cond-expr","locations":[{"start":{"line":3,"column":37},"end":{"line":3,"column":40}},{"start":{"line":3,"column":43},"end":{"line":3,"column":61}}],"line":3},"2":{"loc":{"start":{"line":3,"column":12},"end":{"line":3,"column":33}},"type":"binary-expr","locations":[{"start":{"line":3,"column":12},"end":{"line":3,"column":15}},{"start":{"line":3,"column":19},"end":{"line":3,"column":33}}],"line":3},"3":{"loc":{"start":{"line":55,"column":4},"end":{"line":56,"column":71}},"type":"if","locations":[{"start":{"line":55,"column":4},"end":{"line":56,"column":71}},{"start":{},"end":{}}],"line":55},"4":{"loc":{"start":{"line":55,"column":8},"end":{"line":55,"column":37}},"type":"binary-expr","locations":[{"start":{"line":55,"column":8},"end":{"line":55,"column":15}},{"start":{"line":55,"column":19},"end":{"line":55,"column":27}},{"start":{"line":55,"column":31},"end":{"line":55,"column":37}}],"line":55},"5":{"loc":{"start":{"line":65,"column":35},"end":{"line":65,"column":92}},"type":"cond-expr","locations":[{"start":{"line":65,"column":74},"end":{"line":65,"column":80}},{"start":{"line":65,"column":83},"end":{"line":65,"column":92}}],"line":65},"6":{"loc":{"start":{"line":65,"column":35},"end":{"line":65,"column":71}},"type":"binary-expr","locations":[{"start":{"line":65,"column":35},"end":{"line":65,"column":50}},{"start":{"line":65,"column":54},"end":{"line":65,"column":71}}],"line":65},"7":{"loc":{"start":{"line":68,"column":35},"end":{"line":68,"column":95}},"type":"cond-expr","locations":[{"start":{"line":68,"column":76},"end":{"line":68,"column":82}},{"start":{"line":68,"column":85},"end":{"line":68,"column":95}}],"line":68},"8":{"loc":{"start":{"line":68,"column":35},"end":{"line":68,"column":73}},"type":"binary-expr","locations":[{"start":{"line":68,"column":35},"end":{"line":68,"column":51}},{"start":{"line":68,"column":55},"end":{"line":68,"column":73}}],"line":68},"9":{"loc":{"start":{"line":71,"column":35},"end":{"line":71,"column":89}},"type":"cond-expr","locations":[{"start":{"line":71,"column":72},"end":{"line":71,"column":78}},{"start":{"line":71,"column":81},"end":{"line":71,"column":89}}],"line":71},"10":{"loc":{"start":{"line":71,"column":35},"end":{"line":71,"column":69}},"type":"binary-expr","locations":[{"start":{"line":71,"column":35},"end":{"line":71,"column":49}},{"start":{"line":71,"column":53},"end":{"line":71,"column":69}}],"line":71}},"s":{"0":1,"1":1,"2":1,"3":1,"4":1,"5":0,"6":0,"7":0,"8":0,"9":1,"10":0,"11":0,"12":0,"13":0,"14":1,"15":0,"16":0,"17":0,"18":0,"19":0,"20":0,"21":0,"22":0,"23":0,"24":0,"25":1,"26":1,"27":1},"f":{"0":1,"1":0,"2":0,"3":0,"4":0,"5":0},"b":{"0":[1,0,1],"1":[1,0],"2":[1,1],"3":[0,0],"4":[0,0,0],"5":[0,0],"6":[0,0],"7":[0,0],"8":[0,0],"9":[0,0],"10":[0,0]},"_coverageSchema":"1a1c01bbd47fc00a2c39e90264f33305004495a9","hash":"b2e99b5801c45df607149d4fc63779049ee5b7af"}
,"D:\\PROJECT\\prisma-typescript-1\\backend5\\dist\\src\\controller\\transaksiDetailController.js": {"path":"D:\\PROJECT\\prisma-typescript-1\\backend5\\dist\\src\\controller\\transaksiDetailController.js","statementMap":{"0":{"start":{"line":2,"column":22},"end":{"line":4,"column":1}},"1":{"start":{"line":3,"column":4},"end":{"line":3,"column":62}},"2":{"start":{"line":5,"column":0},"end":{"line":5,"column":62}},"3":{"start":{"line":6,"column":23},"end":{"line":6,"column":69}},"4":{"start":{"line":7,"column":40},"end":{"line":30,"column":1}},"5":{"start":{"line":8,"column":4},"end":{"line":29,"column":5}},"6":{"start":{"line":9,"column":19},"end":{"line":24,"column":10}},"7":{"start":{"line":25,"column":8},"end":{"line":25,"column":33}},"8":{"start":{"line":28,"column":8},"end":{"line":28,"column":44}},"9":{"start":{"line":31,"column":39},"end":{"line":43,"column":1}},"10":{"start":{"line":32,"column":4},"end":{"line":42,"column":5}},"11":{"start":{"line":33,"column":19},"end":{"line":37,"column":10}},"12":{"start":{"line":38,"column":8},"end":{"line":38,"column":33}},"13":{"start":{"line":41,"column":8},"end":{"line":41,"column":44}},"14":{"start":{"line":44,"column":40},"end":{"line":70,"column":1}},"15":{"start":{"line":45,"column":41},"end":{"line":45,"column":49}},"16":{"start":{"line":46,"column":19},"end":{"line":46,"column":97}},"17":{"start":{"line":47,"column":4},"end":{"line":48,"column":71}},"18":{"start":{"line":48,"column":8},"end":{"line":48,"column":71}},"19":{"start":{"line":49,"column":22},"end":{"line":49,"column":106}},"20":{"start":{"line":50,"column":4},"end":{"line":51,"column":74}},"21":{"start":{"line":51,"column":8},"end":{"line":51,"column":74}},"22":{"start":{"line":52,"column":24},"end":{"line":52,"column":36}},"23":{"start":{"line":53,"column":21},"end":{"line":53,"column":57}},"24":{"start":{"line":54,"column":4},"end":{"line":69,"column":5}},"25":{"start":{"line":55,"column":8},"end":{"line":64,"column":11}},"26":{"start":{"line":65,"column":8},"end":{"line":65,"column":73}},"27":{"start":{"line":68,"column":8},"end":{"line":68,"column":44}},"28":{"start":{"line":71,"column":40},"end":{"line":71,"column":63}},"29":{"start":{"line":72,"column":40},"end":{"line":72,"column":63}},"30":{"start":{"line":73,"column":0},"end":{"line":73,"column":185}}},"fnMap":{"0":{"name":"(anonymous_0)","decl":{"start":{"line":2,"column":56},"end":{"line":2,"column":57}},"loc":{"start":{"line":2,"column":71},"end":{"line":4,"column":1}},"line":2},"1":{"name":"(anonymous_1)","decl":{"start":{"line":7,"column":40},"end":{"line":7,"column":41}},"loc":{"start":{"line":7,"column":60},"end":{"line":30,"column":1}},"line":7},"2":{"name":"(anonymous_2)","decl":{"start":{"line":31,"column":39},"end":{"line":31,"column":40}},"loc":{"start":{"line":31,"column":59},"end":{"line":43,"column":1}},"line":31},"3":{"name":"(anonymous_3)","decl":{"start":{"line":44,"column":40},"end":{"line":44,"column":41}},"loc":{"start":{"line":44,"column":60},"end":{"line":70,"column":1}},"line":44},"4":{"name":"(anonymous_4)","decl":{"start":{"line":71,"column":40},"end":{"line":71,"column":41}},"loc":{"start":{"line":71,"column":60},"end":{"line":71,"column":63}},"line":71},"5":{"name":"(anonymous_5)","decl":{"start":{"line":72,"column":40},"end":{"line":72,"column":41}},"loc":{"start":{"line":72,"column":60},"end":{"line":72,"column":63}},"line":72}},"branchMap":{"0":{"loc":{"start":{"line":2,"column":22},"end":{"line":4,"column":1}},"type":"binary-expr","locations":[{"start":{"line":2,"column":23},"end":{"line":2,"column":27}},{"start":{"line":2,"column":31},"end":{"line":2,"column":51}},{"start":{"line":2,"column":56},"end":{"line":4,"column":1}}],"line":2},"1":{"loc":{"start":{"line":3,"column":11},"end":{"line":3,"column":61}},"type":"cond-expr","locations":[{"start":{"line":3,"column":37},"end":{"line":3,"column":40}},{"start":{"line":3,"column":43},"end":{"line":3,"column":61}}],"line":3},"2":{"loc":{"start":{"line":3,"column":12},"end":{"line":3,"column":33}},"type":"binary-expr","locations":[{"start":{"line":3,"column":12},"end":{"line":3,"column":15}},{"start":{"line":3,"column":19},"end":{"line":3,"column":33}}],"line":3},"3":{"loc":{"start":{"line":47,"column":4},"end":{"line":48,"column":71}},"type":"if","locations":[{"start":{"line":47,"column":4},"end":{"line":48,"column":71}},{"start":{},"end":{}}],"line":47},"4":{"loc":{"start":{"line":50,"column":4},"end":{"line":51,"column":74}},"type":"if","locations":[{"start":{"line":50,"column":4},"end":{"line":51,"column":74}},{"start":{},"end":{}}],"line":50}},"s":{"0":1,"1":1,"2":1,"3":1,"4":1,"5":0,"6":0,"7":0,"8":0,"9":1,"10":0,"11":0,"12":0,"13":0,"14":1,"15":0,"16":0,"17":0,"18":0,"19":0,"20":0,"21":0,"22":0,"23":0,"24":0,"25":0,"26":0,"27":0,"28":1,"29":1,"30":1},"f":{"0":1,"1":0,"2":0,"3":0,"4":0,"5":0},"b":{"0":[1,0,1],"1":[1,0],"2":[1,1],"3":[0,0],"4":[0,0]},"_coverageSchema":"1a1c01bbd47fc00a2c39e90264f33305004495a9","hash":"9f0a059ba666f69cbf4644d5e02a3048d5c38470"}
,"D:\\PROJECT\\prisma-typescript-1\\backend5\\dist\\src\\controller\\vendorController.js": {"path":"D:\\PROJECT\\prisma-typescript-1\\backend5\\dist\\src\\controller\\vendorController.js","statementMap":{"0":{"start":{"line":2,"column":22},"end":{"line":4,"column":1}},"1":{"start":{"line":3,"column":4},"end":{"line":3,"column":62}},"2":{"start":{"line":5,"column":0},"end":{"line":5,"column":62}},"3":{"start":{"line":6,"column":23},"end":{"line":6,"column":69}},"4":{"start":{"line":7,"column":31},"end":{"line":15,"column":1}},"5":{"start":{"line":8,"column":4},"end":{"line":14,"column":5}},"6":{"start":{"line":9,"column":23},"end":{"line":9,"column":69}},"7":{"start":{"line":10,"column":8},"end":{"line":10,"column":37}},"8":{"start":{"line":13,"column":8},"end":{"line":13,"column":68}},"9":{"start":{"line":16,"column":30},"end":{"line":27,"column":1}},"10":{"start":{"line":17,"column":17},"end":{"line":17,"column":27}},"11":{"start":{"line":18,"column":4},"end":{"line":26,"column":5}},"12":{"start":{"line":19,"column":23},"end":{"line":21,"column":10}},"13":{"start":{"line":22,"column":8},"end":{"line":22,"column":37}},"14":{"start":{"line":25,"column":8},"end":{"line":25,"column":68}},"15":{"start":{"line":28,"column":31},"end":{"line":49,"column":1}},"16":{"start":{"line":29,"column":78},"end":{"line":29,"column":86}},"17":{"start":{"line":30,"column":4},"end":{"line":48,"column":5}},"18":{"start":{"line":31,"column":8},"end":{"line":42,"column":11}},"19":{"start":{"line":43,"column":8},"end":{"line":43,"column":65}},"20":{"start":{"line":46,"column":8},"end":{"line":46,"column":27}},"21":{"start":{"line":47,"column":8},"end":{"line":47,"column":36}},"22":{"start":{"line":50,"column":31},"end":{"line":50,"column":54}},"23":{"start":{"line":51,"column":31},"end":{"line":51,"column":54}},"24":{"start":{"line":52,"column":0},"end":{"line":52,"column":140}}},"fnMap":{"0":{"name":"(anonymous_0)","decl":{"start":{"line":2,"column":56},"end":{"line":2,"column":57}},"loc":{"start":{"line":2,"column":71},"end":{"line":4,"column":1}},"line":2},"1":{"name":"(anonymous_1)","decl":{"start":{"line":7,"column":31},"end":{"line":7,"column":32}},"loc":{"start":{"line":7,"column":51},"end":{"line":15,"column":1}},"line":7},"2":{"name":"(anonymous_2)","decl":{"start":{"line":16,"column":30},"end":{"line":16,"column":31}},"loc":{"start":{"line":16,"column":50},"end":{"line":27,"column":1}},"line":16},"3":{"name":"(anonymous_3)","decl":{"start":{"line":28,"column":31},"end":{"line":28,"column":32}},"loc":{"start":{"line":28,"column":51},"end":{"line":49,"column":1}},"line":28},"4":{"name":"(anonymous_4)","decl":{"start":{"line":50,"column":31},"end":{"line":50,"column":32}},"loc":{"start":{"line":50,"column":51},"end":{"line":50,"column":54}},"line":50},"5":{"name":"(anonymous_5)","decl":{"start":{"line":51,"column":31},"end":{"line":51,"column":32}},"loc":{"start":{"line":51,"column":51},"end":{"line":51,"column":54}},"line":51}},"branchMap":{"0":{"loc":{"start":{"line":2,"column":22},"end":{"line":4,"column":1}},"type":"binary-expr","locations":[{"start":{"line":2,"column":23},"end":{"line":2,"column":27}},{"start":{"line":2,"column":31},"end":{"line":2,"column":51}},{"start":{"line":2,"column":56},"end":{"line":4,"column":1}}],"line":2},"1":{"loc":{"start":{"line":3,"column":11},"end":{"line":3,"column":61}},"type":"cond-expr","locations":[{"start":{"line":3,"column":37},"end":{"line":3,"column":40}},{"start":{"line":3,"column":43},"end":{"line":3,"column":61}}],"line":3},"2":{"loc":{"start":{"line":3,"column":12},"end":{"line":3,"column":33}},"type":"binary-expr","locations":[{"start":{"line":3,"column":12},"end":{"line":3,"column":15}},{"start":{"line":3,"column":19},"end":{"line":3,"column":33}}],"line":3}},"s":{"0":1,"1":1,"2":1,"3":1,"4":1,"5":0,"6":0,"7":0,"8":0,"9":1,"10":0,"11":0,"12":0,"13":0,"14":0,"15":1,"16":0,"17":0,"18":0,"19":0,"20":0,"21":0,"22":1,"23":1,"24":1},"f":{"0":1,"1":0,"2":0,"3":0,"4":0,"5":0},"b":{"0":[1,0,1],"1":[1,0],"2":[1,1]},"_coverageSchema":"1a1c01bbd47fc00a2c39e90264f33305004495a9","hash":"f2e0ce6b0002633413ffc0b4df61e5a786e6dd61"}
,"D:\\PROJECT\\prisma-typescript-1\\backend5\\dist\\src\\routes\\authRoutes.js": {"path":"D:\\PROJECT\\prisma-typescript-1\\backend5\\dist\\src\\routes\\authRoutes.js","statementMap":{"0":{"start":{"line":2,"column":22},"end":{"line":4,"column":1}},"1":{"start":{"line":3,"column":4},"end":{"line":3,"column":62}},"2":{"start":{"line":5,"column":0},"end":{"line":5,"column":62}},"3":{"start":{"line":6,"column":15},"end":{"line":6,"column":64}},"4":{"start":{"line":7,"column":18},"end":{"line":7,"column":53}},"5":{"start":{"line":8,"column":15},"end":{"line":8,"column":41}},"6":{"start":{"line":10,"column":0},"end":{"line":10,"column":44}},"7":{"start":{"line":11,"column":0},"end":{"line":11,"column":48}},"8":{"start":{"line":12,"column":0},"end":{"line":12,"column":43}},"9":{"start":{"line":13,"column":0},"end":{"line":13,"column":25}}},"fnMap":{"0":{"name":"(anonymous_0)","decl":{"start":{"line":2,"column":56},"end":{"line":2,"column":57}},"loc":{"start":{"line":2,"column":71},"end":{"line":4,"column":1}},"line":2}},"branchMap":{"0":{"loc":{"start":{"line":2,"column":22},"end":{"line":4,"column":1}},"type":"binary-expr","locations":[{"start":{"line":2,"column":23},"end":{"line":2,"column":27}},{"start":{"line":2,"column":31},"end":{"line":2,"column":51}},{"start":{"line":2,"column":56},"end":{"line":4,"column":1}}],"line":2},"1":{"loc":{"start":{"line":3,"column":11},"end":{"line":3,"column":61}},"type":"cond-expr","locations":[{"start":{"line":3,"column":37},"end":{"line":3,"column":40}},{"start":{"line":3,"column":43},"end":{"line":3,"column":61}}],"line":3},"2":{"loc":{"start":{"line":3,"column":12},"end":{"line":3,"column":33}},"type":"binary-expr","locations":[{"start":{"line":3,"column":12},"end":{"line":3,"column":15}},{"start":{"line":3,"column":19},"end":{"line":3,"column":33}}],"line":3}},"s":{"0":1,"1":2,"2":1,"3":1,"4":1,"5":1,"6":1,"7":1,"8":1,"9":1},"f":{"0":2},"b":{"0":[1,0,1],"1":[1,1],"2":[2,2]},"_coverageSchema":"1a1c01bbd47fc00a2c39e90264f33305004495a9","hash":"6bd54ab9f7f09c871b6032649574dec4a3413575"}
,"D:\\PROJECT\\prisma-typescript-1\\backend5\\dist\\src\\routes\\mainRoutes.js": {"path":"D:\\PROJECT\\prisma-typescript-1\\backend5\\dist\\src\\routes\\mainRoutes.js","statementMap":{"0":{"start":{"line":2,"column":22},"end":{"line":4,"column":1}},"1":{"start":{"line":3,"column":4},"end":{"line":3,"column":62}},"2":{"start":{"line":5,"column":0},"end":{"line":5,"column":62}},"3":{"start":{"line":6,"column":18},"end":{"line":6,"column":53}},"4":{"start":{"line":7,"column":29},"end":{"line":7,"column":89}},"5":{"start":{"line":8,"column":27},"end":{"line":8,"column":85}},"6":{"start":{"line":9,"column":27},"end":{"line":9,"column":85}},"7":{"start":{"line":10,"column":28},"end":{"line":10,"column":87}},"8":{"start":{"line":11,"column":26},"end":{"line":11,"column":83}},"9":{"start":{"line":12,"column":30},"end":{"line":12,"column":91}},"10":{"start":{"line":13,"column":36},"end":{"line":13,"column":103}},"11":{"start":{"line":14,"column":31},"end":{"line":14,"column":93}},"12":{"start":{"line":15,"column":27},"end":{"line":15,"column":71}},"13":{"start":{"line":16,"column":15},"end":{"line":16,"column":41}},"14":{"start":{"line":18,"column":0},"end":{"line":18,"column":139}},"15":{"start":{"line":19,"column":0},"end":{"line":19,"column":142}},"16":{"start":{"line":20,"column":0},"end":{"line":20,"column":140}},"17":{"start":{"line":21,"column":0},"end":{"line":21,"column":145}},"18":{"start":{"line":22,"column":0},"end":{"line":22,"column":146}},"19":{"start":{"line":24,"column":0},"end":{"line":24,"column":73}},"20":{"start":{"line":25,"column":0},"end":{"line":25,"column":76}},"21":{"start":{"line":26,"column":0},"end":{"line":26,"column":74}},"22":{"start":{"line":27,"column":0},"end":{"line":27,"column":79}},"23":{"start":{"line":28,"column":0},"end":{"line":28,"column":80}},"24":{"start":{"line":30,"column":0},"end":{"line":30,"column":73}},"25":{"start":{"line":31,"column":0},"end":{"line":31,"column":76}},"26":{"start":{"line":32,"column":0},"end":{"line":32,"column":74}},"27":{"start":{"line":33,"column":0},"end":{"line":33,"column":79}},"28":{"start":{"line":34,"column":0},"end":{"line":34,"column":80}},"29":{"start":{"line":36,"column":0},"end":{"line":36,"column":76}},"30":{"start":{"line":37,"column":0},"end":{"line":37,"column":79}},"31":{"start":{"line":38,"column":0},"end":{"line":38,"column":77}},"32":{"start":{"line":39,"column":0},"end":{"line":39,"column":82}},"33":{"start":{"line":40,"column":0},"end":{"line":40,"column":83}},"34":{"start":{"line":42,"column":0},"end":{"line":42,"column":70}},"35":{"start":{"line":43,"column":0},"end":{"line":43,"column":73}},"36":{"start":{"line":44,"column":0},"end":{"line":44,"column":71}},"37":{"start":{"line":45,"column":0},"end":{"line":45,"column":76}},"38":{"start":{"line":46,"column":0},"end":{"line":46,"column":77}},"39":{"start":{"line":48,"column":0},"end":{"line":48,"column":82}},"40":{"start":{"line":49,"column":0},"end":{"line":49,"column":85}},"41":{"start":{"line":50,"column":0},"end":{"line":50,"column":83}},"42":{"start":{"line":51,"column":0},"end":{"line":51,"column":88}},"43":{"start":{"line":52,"column":0},"end":{"line":52,"column":89}},"44":{"start":{"line":54,"column":0},"end":{"line":54,"column":101}},"45":{"start":{"line":55,"column":0},"end":{"line":55,"column":95}},"46":{"start":{"line":56,"column":0},"end":{"line":56,"column":102}},"47":{"start":{"line":57,"column":0},"end":{"line":57,"column":107}},"48":{"start":{"line":58,"column":0},"end":{"line":58,"column":108}},"49":{"start":{"line":60,"column":0},"end":{"line":60,"column":85}},"50":{"start":{"line":61,"column":0},"end":{"line":61,"column":88}},"51":{"start":{"line":62,"column":0},"end":{"line":62,"column":86}},"52":{"start":{"line":63,"column":0},"end":{"line":63,"column":91}},"53":{"start":{"line":64,"column":0},"end":{"line":64,"column":92}},"54":{"start":{"line":65,"column":0},"end":{"line":65,"column":25}}},"fnMap":{"0":{"name":"(anonymous_0)","decl":{"start":{"line":2,"column":56},"end":{"line":2,"column":57}},"loc":{"start":{"line":2,"column":71},"end":{"line":4,"column":1}},"line":2}},"branchMap":{"0":{"loc":{"start":{"line":2,"column":22},"end":{"line":4,"column":1}},"type":"binary-expr","locations":[{"start":{"line":2,"column":23},"end":{"line":2,"column":27}},{"start":{"line":2,"column":31},"end":{"line":2,"column":51}},{"start":{"line":2,"column":56},"end":{"line":4,"column":1}}],"line":2},"1":{"loc":{"start":{"line":3,"column":11},"end":{"line":3,"column":61}},"type":"cond-expr","locations":[{"start":{"line":3,"column":37},"end":{"line":3,"column":40}},{"start":{"line":3,"column":43},"end":{"line":3,"column":61}}],"line":3},"2":{"loc":{"start":{"line":3,"column":12},"end":{"line":3,"column":33}},"type":"binary-expr","locations":[{"start":{"line":3,"column":12},"end":{"line":3,"column":15}},{"start":{"line":3,"column":19},"end":{"line":3,"column":33}}],"line":3}},"s":{"0":1,"1":9,"2":1,"3":1,"4":1,"5":1,"6":1,"7":1,"8":1,"9":1,"10":1,"11":1,"12":1,"13":1,"14":1,"15":1,"16":1,"17":1,"18":1,"19":1,"20":1,"21":1,"22":1,"23":1,"24":1,"25":1,"26":1,"27":1,"28":1,"29":1,"30":1,"31":1,"32":1,"33":1,"34":1,"35":1,"36":1,"37":1,"38":1,"39":1,"40":1,"41":1,"42":1,"43":1,"44":1,"45":1,"46":1,"47":1,"48":1,"49":1,"50":1,"51":1,"52":1,"53":1,"54":1},"f":{"0":9},"b":{"0":[1,0,1],"1":[8,1],"2":[9,9]},"_coverageSchema":"1a1c01bbd47fc00a2c39e90264f33305004495a9","hash":"3246a8770ae266ea5e26ad1f218460b236bdc07e"}
,"D:\\PROJECT\\prisma-typescript-1\\backend5\\middleware\\auth.ts": {"path":"D:\\PROJECT\\prisma-typescript-1\\backend5\\middleware\\auth.ts","statementMap":{"0":{"start":{"line":14,"column":14},"end":{"line":35,"column":1}},"1":{"start":{"line":15,"column":2},"end":{"line":34,"column":3}},"2":{"start":{"line":16,"column":16},"end":{"line":20,"column":6}},"3":{"start":{"line":21,"column":4},"end":{"line":21,"column":79}},"4":{"start":{"line":21,"column":14},"end":{"line":21,"column":79}},"5":{"start":{"line":22,"column":27},"end":{"line":22,"column":39}},"6":{"start":{"line":23,"column":18},"end":{"line":23,"column":72}},"7":{"start":{"line":24,"column":4},"end":{"line":24,"column":90}},"8":{"start":{"line":24,"column":16},"end":{"line":24,"column":90}},"9":{"start":{"line":25,"column":4},"end":{"line":25,"column":32}},"10":{"start":{"line":26,"column":15},"end":{"line":26,"column":21}},"11":{"start":{"line":27,"column":17},"end":{"line":27,"column":25}},"12":{"start":{"line":28,"column":18},"end":{"line":28,"column":27}},"13":{"start":{"line":29,"column":17},"end":{"line":29,"column":25}},"14":{"start":{"line":30,"column":17},"end":{"line":30,"column":35}},"15":{"start":{"line":31,"column":4},"end":{"line":31,"column":92}},"16":{"start":{"line":33,"column":4},"end":{"line":33,"column":40}},"17":{"start":{"line":37,"column":14},"end":{"line":50,"column":1}},"18":{"start":{"line":38,"column":2},"end":{"line":38,"column":89}},"19":{"start":{"line":38,"column":27},"end":{"line":38,"column":89}},"20":{"start":{"line":39,"column":14},"end":{"line":47,"column":4}},"21":{"start":{"line":48,"column":2},"end":{"line":48,"column":77}},"22":{"start":{"line":48,"column":12},"end":{"line":48,"column":77}},"23":{"start":{"line":49,"column":2},"end":{"line":49,"column":28}},"24":{"start":{"line":52,"column":15},"end":{"line":57,"column":1}},"25":{"start":{"line":53,"column":2},"end":{"line":56,"column":5}},"26":{"start":{"line":54,"column":4},"end":{"line":54,"column":71}},"27":{"start":{"line":54,"column":15},"end":{"line":54,"column":71}},"28":{"start":{"line":55,"column":4},"end":{"line":55,"column":57}}},"fnMap":{"0":{"name":"(anonymous_0)","decl":{"start":{"line":14,"column":14},"end":{"line":14,"column":15}},"loc":{"start":{"line":14,"column":72},"end":{"line":35,"column":1}},"line":14},"1":{"name":"(anonymous_1)","decl":{"start":{"line":37,"column":14},"end":{"line":37,"column":15}},"loc":{"start":{"line":37,"column":53},"end":{"line":50,"column":1}},"line":37},"2":{"name":"(anonymous_2)","decl":{"start":{"line":52,"column":15},"end":{"line":52,"column":16}},"loc":{"start":{"line":52,"column":54},"end":{"line":57,"column":1}},"line":52},"3":{"name":"(anonymous_3)","decl":{"start":{"line":53,"column":22},"end":{"line":53,"column":23}},"loc":{"start":{"line":53,"column":33},"end":{"line":56,"column":3}},"line":53}},"branchMap":{"0":{"loc":{"start":{"line":21,"column":4},"end":{"line":21,"column":79}},"type":"if","locations":[{"start":{"line":21,"column":4},"end":{"line":21,"column":79}},{"start":{},"end":{}}],"line":21},"1":{"loc":{"start":{"line":24,"column":4},"end":{"line":24,"column":90}},"type":"if","locations":[{"start":{"line":24,"column":4},"end":{"line":24,"column":90}},{"start":{},"end":{}}],"line":24},"2":{"loc":{"start":{"line":38,"column":2},"end":{"line":38,"column":89}},"type":"if","locations":[{"start":{"line":38,"column":2},"end":{"line":38,"column":89}},{"start":{},"end":{}}],"line":38},"3":{"loc":{"start":{"line":48,"column":2},"end":{"line":48,"column":77}},"type":"if","locations":[{"start":{"line":48,"column":2},"end":{"line":48,"column":77}},{"start":{},"end":{}}],"line":48},"4":{"loc":{"start":{"line":54,"column":4},"end":{"line":54,"column":71}},"type":"if","locations":[{"start":{"line":54,"column":4},"end":{"line":54,"column":71}},{"start":{},"end":{}}],"line":54}},"s":{"0":1,"1":0,"2":0,"3":0,"4":0,"5":0,"6":0,"7":0,"8":0,"9":0,"10":0,"11":0,"12":0,"13":0,"14":0,"15":0,"16":0,"17":1,"18":0,"19":0,"20":0,"21":0,"22":0,"23":0,"24":1,"25":0,"26":0,"27":0,"28":0},"f":{"0":0,"1":0,"2":0,"3":0},"b":{"0":[0,0],"1":[0,0],"2":[0,0],"3":[0,0],"4":[0,0]},"_coverageSchema":"1a1c01bbd47fc00a2c39e90264f33305004495a9","hash":"f3f6fb971b6f38eb9bc86a9ea078b6319874406c"}
,"D:\\PROJECT\\prisma-typescript-1\\backend5\\src\\controller\\pembeliController.ts": {"path":"D:\\PROJECT\\prisma-typescript-1\\backend5\\src\\controller\\pembeliController.ts","statementMap":{"0":{"start":{"line":5,"column":32},"end":{"line":12,"column":1}},"1":{"start":{"line":6,"column":2},"end":{"line":11,"column":3}},"2":{"start":{"line":7,"column":20},"end":{"line":7,"column":51}},"3":{"start":{"line":8,"column":4},"end":{"line":8,"column":34}},"4":{"start":{"line":10,"column":4},"end":{"line":10,"column":40}},"5":{"start":{"line":15,"column":31},"end":{"line":25,"column":1}},"6":{"start":{"line":16,"column":17},"end":{"line":16,"column":27}},"7":{"start":{"line":17,"column":2},"end":{"line":24,"column":3}},"8":{"start":{"line":18,"column":20},"end":{"line":18,"column":74}},"9":{"start":{"line":19,"column":4},"end":{"line":19,"column":77}},"10":{"start":{"line":19,"column":18},"end":{"line":19,"column":77}},"11":{"start":{"line":21,"column":4},"end":{"line":21,"column":34}},"12":{"start":{"line":23,"column":4},"end":{"line":23,"column":40}},"13":{"start":{"line":28,"column":32},"end":{"line":43,"column":1}},"14":{"start":{"line":29,"column":42},"end":{"line":29,"column":50}},"15":{"start":{"line":30,"column":2},"end":{"line":42,"column":3}},"16":{"start":{"line":31,"column":4},"end":{"line":38,"column":7}},"17":{"start":{"line":39,"column":4},"end":{"line":39,"column":63}},"18":{"start":{"line":41,"column":4},"end":{"line":41,"column":40}},"19":{"start":{"line":46,"column":32},"end":{"line":55,"column":1}},"20":{"start":{"line":47,"column":17},"end":{"line":47,"column":27}},"21":{"start":{"line":48,"column":42},"end":{"line":48,"column":50}},"22":{"start":{"line":49,"column":2},"end":{"line":54,"column":3}},"23":{"start":{"line":50,"column":4},"end":{"line":50,"column":94}},"24":{"start":{"line":51,"column":4},"end":{"line":51,"column":63}},"25":{"start":{"line":53,"column":4},"end":{"line":53,"column":40}},"26":{"start":{"line":58,"column":32},"end":{"line":66,"column":1}},"27":{"start":{"line":59,"column":17},"end":{"line":59,"column":27}},"28":{"start":{"line":60,"column":2},"end":{"line":65,"column":3}},"29":{"start":{"line":61,"column":4},"end":{"line":61,"column":55}},"30":{"start":{"line":62,"column":4},"end":{"line":62,"column":67}},"31":{"start":{"line":64,"column":4},"end":{"line":64,"column":40}}},"fnMap":{"0":{"name":"(anonymous_0)","decl":{"start":{"line":5,"column":32},"end":{"line":5,"column":33}},"loc":{"start":{"line":5,"column":71},"end":{"line":12,"column":1}},"line":5},"1":{"name":"(anonymous_1)","decl":{"start":{"line":15,"column":31},"end":{"line":15,"column":32}},"loc":{"start":{"line":15,"column":70},"end":{"line":25,"column":1}},"line":15},"2":{"name":"(anonymous_2)","decl":{"start":{"line":28,"column":32},"end":{"line":28,"column":33}},"loc":{"start":{"line":28,"column":71},"end":{"line":43,"column":1}},"line":28},"3":{"name":"(anonymous_3)","decl":{"start":{"line":46,"column":32},"end":{"line":46,"column":33}},"loc":{"start":{"line":46,"column":71},"end":{"line":55,"column":1}},"line":46},"4":{"name":"(anonymous_4)","decl":{"start":{"line":58,"column":32},"end":{"line":58,"column":33}},"loc":{"start":{"line":58,"column":71},"end":{"line":66,"column":1}},"line":58}},"branchMap":{"0":{"loc":{"start":{"line":19,"column":4},"end":{"line":19,"column":77}},"type":"if","locations":[{"start":{"line":19,"column":4},"end":{"line":19,"column":77}},{"start":{},"end":{}}],"line":19}},"s":{"0":1,"1":0,"2":0,"3":0,"4":0,"5":1,"6":0,"7":0,"8":0,"9":0,"10":0,"11":0,"12":0,"13":1,"14":0,"15":0,"16":0,"17":0,"18":0,"19":1,"20":0,"21":0,"22":0,"23":0,"24":0,"25":0,"26":1,"27":0,"28":0,"29":0,"30":0,"31":0},"f":{"0":0,"1":0,"2":0,"3":0,"4":0},"b":{"0":[0,0]},"_coverageSchema":"1a1c01bbd47fc00a2c39e90264f33305004495a9","hash":"5e340285ec607e710d03b97e7581d6bdc466db52"}
,"D:\\PROJECT\\prisma-typescript-1\\backend5\\src\\controller\\penggunaController.ts": {"path":"D:\\PROJECT\\prisma-typescript-1\\backend5\\src\\controller\\penggunaController.ts","statementMap":{"0":{"start":{"line":6,"column":33},"end":{"line":13,"column":1}},"1":{"start":{"line":7,"column":2},"end":{"line":12,"column":3}},"2":{"start":{"line":8,"column":18},"end":{"line":8,"column":50}},"3":{"start":{"line":9,"column":4},"end":{"line":9,"column":32}},"4":{"start":{"line":11,"column":4},"end":{"line":11,"column":66}},"5":{"start":{"line":16,"column":32},"end":{"line":26,"column":1}},"6":{"start":{"line":17,"column":17},"end":{"line":17,"column":27}},"7":{"start":{"line":18,"column":2},"end":{"line":25,"column":3}},"8":{"start":{"line":19,"column":21},"end":{"line":19,"column":76}},"9":{"start":{"line":20,"column":4},"end":{"line":20,"column":79}},"10":{"start":{"line":20,"column":19},"end":{"line":20,"column":79}},"11":{"start":{"line":22,"column":4},"end":{"line":22,"column":35}},"12":{"start":{"line":24,"column":4},"end":{"line":24,"column":66}},"13":{"start":{"line":29,"column":33},"end":{"line":46,"column":1}},"14":{"start":{"line":30,"column":51},"end":{"line":30,"column":59}},"15":{"start":{"line":31,"column":2},"end":{"line":31,"column":88}},"16":{"start":{"line":31,"column":28},"end":{"line":31,"column":88}},"17":{"start":{"line":32,"column":15},"end":{"line":32,"column":42}},"18":{"start":{"line":33,"column":2},"end":{"line":45,"column":3}},"19":{"start":{"line":34,"column":4},"end":{"line":41,"column":7}},"20":{"start":{"line":42,"column":4},"end":{"line":42,"column":63}},"21":{"start":{"line":44,"column":4},"end":{"line":44,"column":32}},"22":{"start":{"line":49,"column":33},"end":{"line":58,"column":1}},"23":{"start":{"line":50,"column":17},"end":{"line":50,"column":27}},"24":{"start":{"line":51,"column":42},"end":{"line":51,"column":50}},"25":{"start":{"line":52,"column":2},"end":{"line":57,"column":3}},"26":{"start":{"line":53,"column":4},"end":{"line":53,"column":95}},"27":{"start":{"line":54,"column":4},"end":{"line":54,"column":63}},"28":{"start":{"line":56,"column":4},"end":{"line":56,"column":66}},"29":{"start":{"line":61,"column":33},"end":{"line":69,"column":1}},"30":{"start":{"line":62,"column":17},"end":{"line":62,"column":27}},"31":{"start":{"line":63,"column":2},"end":{"line":68,"column":3}},"32":{"start":{"line":64,"column":4},"end":{"line":64,"column":56}},"33":{"start":{"line":65,"column":4},"end":{"line":65,"column":67}},"34":{"start":{"line":67,"column":4},"end":{"line":67,"column":64}}},"fnMap":{"0":{"name":"(anonymous_0)","decl":{"start":{"line":6,"column":33},"end":{"line":6,"column":34}},"loc":{"start":{"line":6,"column":72},"end":{"line":13,"column":1}},"line":6},"1":{"name":"(anonymous_1)","decl":{"start":{"line":16,"column":32},"end":{"line":16,"column":33}},"loc":{"start":{"line":16,"column":71},"end":{"line":26,"column":1}},"line":16},"2":{"name":"(anonymous_2)","decl":{"start":{"line":29,"column":33},"end":{"line":29,"column":34}},"loc":{"start":{"line":29,"column":137},"end"
[...]
line":89,"column":27}},"35":{"start":{"line":90,"column":2},"end":{"line":95,"column":3}},"36":{"start":{"line":91,"column":4},"end":{"line":91,"column":58}},"37":{"start":{"line":92,"column":4},"end":{"line":92,"column":69}},"38":{"start":{"line":94,"column":4},"end":{"line":94,"column":40}}},"fnMap":{"0":{"name":"(anonymous_0)","decl":{"start":{"line":5,"column":35},"end":{"line":5,"column":36}},"loc":{"start":{"line":5,"column":74},"end":{"line":27,"column":1}},"line":5},"1":{"name":"(anonymous_1)","decl":{"start":{"line":30,"column":34},"end":{"line":30,"column":35}},"loc":{"start":{"line":30,"column":73},"end":{"line":40,"column":1}},"line":30},"2":{"name":"(anonymous_2)","decl":{"start":{"line":43,"column":35},"end":{"line":43,"column":36}},"loc":{"start":{"line":43,"column":175},"end":{"line":73,"column":1}},"line":43},"3":{"name":"(anonymous_3)","decl":{"start":{"line":76,"column":35},"end":{"line":76,"column":36}},"loc":{"start":{"line":76,"column":74},"end":{"line":85,"column":1}},"line":76},"4":{"name":"(anonymous_4)","decl":{"start":{"line":88,"column":35},"end":{"line":88,"column":36}},"loc":{"start":{"line":88,"column":74},"end":{"line":96,"column":1}},"line":88}},"branchMap":{"0":{"loc":{"start":{"line":34,"column":4},"end":{"line":34,"column":80}},"type":"if","locations":[{"start":{"line":34,"column":4},"end":{"line":34,"column":80}},{"start":{},"end":{}}],"line":34},"1":{"loc":{"start":{"line":47,"column":2},"end":{"line":47,"column":78}},"type":"if","locations":[{"start":{"line":47,"column":2},"end":{"line":47,"column":78}},{"start":{},"end":{}}],"line":47},"2":{"loc":{"start":{"line":50,"column":2},"end":{"line":50,"column":78}},"type":"if","locations":[{"start":{"line":50,"column":2},"end":{"line":50,"column":78}},{"start":{},"end":{}}],"line":50}},"s":{"0":1,"1":0,"2":0,"3":0,"4":0,"5":1,"6":0,"7":0,"8":0,"9":0,"10":0,"11":0,"12":0,"13":1,"14":0,"15":0,"16":0,"17":0,"18":0,"19":0,"20":0,"21":0,"22":0,"23":0,"24":0,"25":0,"26":1,"27":0,"28":0,"29":0,"30":0,"31":0,"32":0,"33":1,"34":0,"35":0,"36":0,"37":0,"38":0},"f":{"0":0,"1":0,"2":0,"3":0,"4":0},"b":{"0":[0,0],"1":[0,0],"2":[0,0]},"_coverageSchema":"1a1c01bbd47fc00a2c39e90264f33305004495a9","hash":"c4ccb660f2e18961cecfc5241a3c7cfbadd209e7"}
,"D:\\PROJECT\\prisma-typescript-1\\backend5\\src\\controller\\salesController.ts": {"path":"D:\\PROJECT\\prisma-typescript-1\\backend5\\src\\controller\\salesController.ts","statementMap":{"0":{"start":{"line":5,"column":30},"end":{"line":12,"column":1}},"1":{"start":{"line":6,"column":2},"end":{"line":11,"column":3}},"2":{"start":{"line":7,"column":18},"end":{"line":7,"column":47}},"3":{"start":{"line":8,"column":4},"end":{"line":8,"column":32}},"4":{"start":{"line":10,"column":4},"end":{"line":10,"column":40}},"5":{"start":{"line":15,"column":29},"end":{"line":25,"column":1}},"6":{"start":{"line":16,"column":17},"end":{"line":16,"column":27}},"7":{"start":{"line":17,"column":2},"end":{"line":24,"column":3}},"8":{"start":{"line":18,"column":18},"end":{"line":18,"column":70}},"9":{"start":{"line":19,"column":4},"end":{"line":19,"column":73}},"10":{"start":{"line":19,"column":16},"end":{"line":19,"column":73}},"11":{"start":{"line":21,"column":4},"end":{"line":21,"column":32}},"12":{"start":{"line":23,"column":4},"end":{"line":23,"column":40}},"13":{"start":{"line":28,"column":30},"end":{"line":43,"column":1}},"14":{"start":{"line":29,"column":42},"end":{"line":29,"column":50}},"15":{"start":{"line":30,"column":2},"end":{"line":42,"column":3}},"16":{"start":{"line":31,"column":4},"end":{"line":38,"column":7}},"17":{"start":{"line":39,"column":4},"end":{"line":39,"column":60}},"18":{"start":{"line":41,"column":4},"end":{"line":41,"column":40}},"19":{"start":{"line":46,"column":30},"end":{"line":55,"column":1}},"20":{"start":{"line":47,"column":17},"end":{"line":47,"column":27}},"21":{"start":{"line":48,"column":42},"end":{"line":48,"column":50}},"22":{"start":{"line":49,"column":2},"end":{"line":54,"column":3}},"23":{"start":{"line":50,"column":4},"end":{"line":50,"column":92}},"24":{"start":{"line":51,"column":4},"end":{"line":51,"column":60}},"25":{"start":{"line":53,"column":4},"end":{"line":53,"column":40}},"26":{"start":{"line":58,"column":30},"end":{"line":66,"column":1}},"27":{"start":{"line":59,"column":17},"end":{"line":59,"column":27}},"28":{"start":{"line":60,"column":2},"end":{"line":65,"column":3}},"29":{"start":{"line":61,"column":4},"end":{"line":61,"column":53}},"30":{"start":{"line":62,"column":4},"end":{"line":62,"column":64}},"31":{"start":{"line":64,"column":4},"end":{"line":64,"column":40}}},"fnMap":{"0":{"name":"(anonymous_0)","decl":{"start":{"line":5,"column":30},"end":{"line":5,"column":31}},"loc":{"start":{"line":5,"column":69},"end":{"line":12,"column":1}},"line":5},"1":{"name":"(anonymous_1)","decl":{"start":{"line":15,"column":29},"end":{"line":15,"column":30}},"loc":{"start":{"line":15,"column":68},"end":{"line":25,"column":1}},"line":15},"2":{"name":"(anonymous_2)","decl":{"start":{"line":28,"column":30},"end":{"line":28,"column":31}},"loc":{"start":{"line":28,"column":69},"end":{"line":43,"column":1}},"line":28},"3":{"name":"(anonymous_3)","decl":{"start":{"line":46,"column":30},"end":{"line":46,"column":31}},"loc":{"start":{"line":46,"column":69},"end":{"line":55,"column":1}},"line":46},"4":{"name":"(anonymous_4)","decl":{"start":{"line":58,"column":30},"end":{"line":58,"column":31}},"loc":{"start":{"line":58,"column":69},"end":{"line":66,"column":1}},"line":58}},"branchMap":{"0":{"loc":{"start":{"line":19,"column":4},"end":{"line":19,"column":73}},"type":"if","locations":[{"start":{"line":19,"column":4},"end":{"line":19,"column":73}},{"start":{},"end":{}}],"line":19}},"s":{"0":1,"1":0,"2":0,"3":0,"4":0,"5":1,"6":0,"7":0,"8":0,"9":0,"10":0,"11":0,"12":0,"13":1,"14":0,"15":0,"16":0,"17":0,"18":0,"19":1,"20":0,"21":0,"22":0,"23":0,"24":0,"25":0,"26":1,"27":0,"28":0,"29":0,"30":0,"31":0},"f":{"0":0,"1":0,"2":0,"3":0,"4":0},"b":{"0":[0,0]},"_coverageSchema":"1a1c01bbd47fc00a2c39e90264f33305004495a9","hash":"3f24af76b83ef40d178a17d26520a21445ced9a1"}
,"D:\\PROJECT\\prisma-typescript-1\\backend5\\src\\controller\\transaksiController.ts": {"path":"D:\\PROJECT\\prisma-typescript-1\\backend5\\src\\controller\\transaksiController.ts","statementMap":{"0":{"start":{"line":5,"column":34},"end":{"line":33,"column":1}},"1":{"start":{"line":6,"column":2},"end":{"line":32,"column":3}},"2":{"start":{"line":7,"column":15},"end":{"line":28,"column":6}},"3":{"start":{"line":29,"column":4},"end":{"line":29,"column":29}},"4":{"start":{"line":31,"column":4},"end":{"line":31,"column":40}},"5":{"start":{"line":35,"column":33},"end":{"line":46,"column":1}},"6":{"start":{"line":36,"column":2},"end":{"line":45,"column":3}},"7":{"start":{"line":37,"column":15},"end":{"line":41,"column":6}},"8":{"start":{"line":42,"column":4},"end":{"line":42,"column":29}},"9":{"start":{"line":44,"column":4},"end":{"line":44,"column":40}},"10":{"start":{"line":48,"column":34},"end":{"line":79,"column":1}},"11":{"start":{"line":49,"column":108},"end":{"line":49,"column":116}},"12":{"start":{"line":51,"column":17},"end":{"line":51,"column":79}},"13":{"start":{"line":52,"column":18},"end":{"line":52,"column":82}},"14":{"start":{"line":53,"column":16},"end":{"line":53,"column":76}},"15":{"start":{"line":54,"column":2},"end":{"line":54,"column":100}},"16":{"start":{"line":54,"column":37},"end":{"line":54,"column":100}},"17":{"start":{"line":56,"column":2},"end":{"line":78,"column":3}},"18":{"start":{"line":57,"column":4},"end":{"line":73,"column":7}},"19":{"start":{"line":75,"column":4},"end":{"line":75,"column":69}},"20":{"start":{"line":77,"column":4},"end":{"line":77,"column":40}},"21":{"start":{"line":81,"column":34},"end":{"line":81,"column":75}},"22":{"start":{"line":83,"column":34},"end":{"line":83,"column":75}}},"fnMap":{"0":{"name":"(anonymous_0)","decl":{"start":{"line":5,"column":34},"end":{"line":5,"column":35}},"loc":{"start":{"line":5,"column":73},"end":{"line":33,"column":1}},"line":5},"1":{"name":"(anonymous_1)","decl":{"start":{"line":35,"column":33},"end":{"line":35,"column":34}},"loc":{"start":{"line":35,"column":72},"end":{"line":46,"column":1}},"line":35},"2":{"name":"(anonymous_2)","decl":{"start":{"line":48,"column":34},"end":{"line":48,"column":35}},"loc":{"start":{"line":48,"column":219},"end":{"line":79,"column":1}},"line":48},"3":{"name":"(anonymous_3)","decl":{"start":{"line":81,"column":34},"end":{"line":81,"column":35}},"loc":{"start":{"line":81,"column":73},"end":{"line":81,"column":75}},"line":81},"4":{"name":"(anonymous_4)","decl":{"start":{"line":83,"column":34},"end":{"line":83,"column":35}},"loc":{"start":{"line":83,"column":73},"end":{"line":83,"column":75}},"line":83}},"branchMap":{"0":{"loc":{"start":{"line":54,"column":2},"end":{"line":54,"column":100}},"type":"if","locations":[{"start":{"line":54,"column":2},"end":{"line":54,"column":100}},{"start":{},"end":{}}],"line":54},"1":{"loc":{"start":{"line":54,"column":6},"end":{"line":54,"column":35}},"type":"binary-expr","locations":[{"start":{"line":54,"column":6},"end":{"line":54,"column":13}},{"start":{"line":54,"column":17},"end":{"line":54,"column":25}},{"start":{"line":54,"column":29},"end":{"line":54,"column":35}}],"line":54}},"s":{"0":1,"1":0,"2":0,"3":0,"4":0,"5":1,"6":0,"7":0,"8":0,"9":0,"10":1,"11":0,"12":0,"13":0,"14":0,"15":0,"16":0,"17":0,"18":0,"19":0,"20":0,"21":1,"22":1},"f":{"0":0,"1":0,"2":0,"3":0,"4":0},"b":{"0":[0,0],"1":[0,0,0]},"_coverageSchema":"1a1c01bbd47fc00a2c39e90264f33305004495a9","hash":"8c6d14a3dcac7245e3b17733f1837970894f0990"}
,"D:\\PROJECT\\prisma-typescript-1\\backend5\\src\\controller\\transaksiDetailController.ts": {"path":"D:\\PROJECT\\prisma-typescript-1\\backend5\\src\\controller\\transaksiDetailController.ts","statementMap":{"0":{"start":{"line":5,"column":40},"end":{"line":27,"column":1}},"1":{"start":{"line":6,"column":2},"end":{"line":26,"column":3}},"2":{"start":{"line":7,"column":15},"end":{"line":22,"column":6}},"3":{"start":{"line":23,"column":4},"end":{"line":23,"column":29}},"4":{"start":{"line":25,"column":4},"end":{"line":25,"column":40}},"5":{"start":{"line":29,"column":39},"end":{"line":40,"column":1}},"6":{"start":{"line":30,"column":2},"end":{"line":39,"column":3}},"7":{"start":{"line":31,"column":15},"end":{"line":35,"column":6}},"8":{"start":{"line":36,"column":4},"end":{"line":36,"column":29}},"9":{"start":{"line":38,"column":4},"end":{"line":38,"column":40}},"10":{"start":{"line":42,"column":40},"end":{"line":70,"column":1}},"11":{"start":{"line":43,"column":39},"end":{"line":43,"column":47}},"12":{"start":{"line":45,"column":17},"end":{"line":45,"column":79}},"13":{"start":{"line":46,"column":2},"end":{"line":46,"column":78}},"14":{"start":{"line":46,"column":15},"end":{"line":46,"column":78}},"15":{"start":{"line":48,"column":20},"end":{"line":48,"column":88}},"16":{"start":{"line":49,"column":2},"end":{"line":49,"column":84}},"17":{"start":{"line":49,"column":18},"end":{"line":49,"column":84}},"18":{"start":{"line":51,"column":22},"end":{"line":51,"column":34}},"19":{"start":{"line":52,"column":19},"end":{"line":52,"column":55}},"20":{"start":{"line":54,"column":2},"end":{"line":69,"column":3}},"21":{"start":{"line":55,"column":4},"end":{"line":64,"column":7}},"22":{"start":{"line":66,"column":4},"end":{"line":66,"column":69}},"23":{"start":{"line":68,"column":4},"end":{"line":68,"column":40}},"24":{"start":{"line":72,"column":40},"end":{"line":72,"column":81}},"25":{"start":{"line":74,"column":40},"end":{"line":74,"column":81}}},"fnMap":{"0":{"name":"(anonymous_0)","decl":{"start":{"line":5,"column":40},"end":{"line":5,"column":41}},"loc":{"start":{"line":5,"column":79},"end":{"line":27,"column":1}},"line":5},"1":{"name":"(anonymous_1)","decl":{"start":{"line":29,"column":39},"end":{"line":29,"column":40}},"loc":{"start":{"line":29,"column":78},"end":{"line":40,"column":1}},"line":29},"2":{"name":"(anonymous_2)","decl":{"start":{"line":42,"column":40},"end":{"line":42,"column":41}},"loc":{"start":{"line":42,"column":125},"end":{"line":70,"column":1}},"line":42},"3":{"name":"(anonymous_3)","decl":{"start":{"line":72,"column":40},"end":{"line":72,"column":41}},"loc":{"start":{"line":72,"column":79},"end":{"line":72,"column":81}},"line":72},"4":{"name":"(anonymous_4)","decl":{"start":{"line":74,"column":40},"end":{"line":74,"column":41}},"loc":{"start":{"line":74,"column":79},"end":{"line":74,"column":81}},"line":74}},"branchMap":{"0":{"loc":{"start":{"line":46,"column":2},"end":{"line":46,"column":78}},"type":"if","locations":[{"start":{"line":46,"column":2},"end":{"line":46,"column":78}},{"start":{},"end":{}}],"line":46},"1":{"loc":{"start":{"line":49,"column":2},"end":{"line":49,"column":84}},"type":"if","locations":[{"start":{"line":49,"column":2},"end":{"line":49,"column":84}},{"start":{},"end":{}}],"line":49}},"s":{"0":1,"1":0,"2":0,"3":0,"4":0,"5":1,"6":0,"7":0,"8":0,"9":0,"10":1,"11":0,"12":0,"13":0,"14":0,"15":0,"16":0,"17":0,"18":0,"19":0,"20":0,"21":0,"22":0,"23":0,"24":1,"25":1},"f":{"0":0,"1":0,"2":0,"3":0,"4":0},"b":{"0":[0,0],"1":[0,0]},"_coverageSchema":"1a1c01bbd47fc00a2c39e90264f33305004495a9","hash":"4a33951e01c5274f846707a27a5dc49e2b0c0a17"}
,"D:\\PROJECT\\prisma-typescript-1\\backend5\\src\\controller\\vendorController.ts": {"path":"D:\\PROJECT\\prisma-typescript-1\\backend5\\src\\controller\\vendorController.ts","statementMap":{"0":{"start":{"line":4,"column":31},"end":{"line":11,"column":1}},"1":{"start":{"line":5,"column":2},"end":{"line":10,"column":3}},"2":{"start":{"line":6,"column":19},"end":{"line":6,"column":49}},"3":{"start":{"line":7,"column":4},"end":{"line":7,"column":33}},"4":{"start":{"line":9,"column":4},"end":{"line":9,"column":64}},"5":{"start":{"line":13,"column":30},"end":{"line":24,"column":1}},"6":{"start":{"line":14,"column":15},"end":{"line":14,"column":25}},"7":{"start":{"line":16,"column":2},"end":{"line":23,"column":3}},"8":{"start":{"line":17,"column":19},"end":{"line":19,"column":6}},"9":{"start":{"line":20,"column":4},"end":{"line":20,"column":33}},"10":{"start":{"line":22,"column":4},"end":{"line":22,"column":64}},"11":{"start":{"line":26,"column":31},"end":{"line":46,"column":1}},"12":{"start":{"line":27,"column":76},"end":{"line":27,"column":84}},"13":{"start":{"line":28,"column":2},"end":{"line":45,"column":3}},"14":{"start":{"line":29,"column":4},"end":{"line":40,"column":7}},"15":{"start":{"line":41,"column":4},"end":{"line":41,"column":61}},"16":{"start":{"line":43,"column":4},"end":{"line":43,"column":23}},"17":{"start":{"line":44,"column":4},"end":{"line":44,"column":32}},"18":{"start":{"line":48,"column":31},"end":{"line":48,"column":72}},"19":{"start":{"line":50,"column":31},"end":{"line":50,"column":72}}},"fnMap":{"0":{"name":"(anonymous_0)","decl":{"start":{"line":4,"column":31},"end":{"line":4,"column":32}},"loc":{"start":{"line":4,"column":70},"end":{"line":11,"column":1}},"line":4},"1":{"name":"(anonymous_1)","decl":{"start":{"line":13,"column":30},"end":{"line":13,"column":31}},"loc":{"start":{"line":13,"column":69},"end":{"line":24,"column":1}},"line":13},"2":{"name":"(anonymous_2)","decl":{"start":{"line":26,"column":31},"end":{"line":26,"column":32}},"loc":{"start":{"line":26,"column":70},"end":{"line":46,"column":1}},"line":26},"3":{"name":"(anonymous_3)","decl":{"start":{"line":48,"column":31},"end":{"line":48,"column":32}},"loc":{"start":{"line":48,"column":70},"end":{"line":48,"column":72}},"line":48},"4":{"name":"(anonymous_4)","decl":{"start":{"line":50,"column":31},"end":{"line":50,"column":32}},"loc":{"start":{"line":50,"column":70},"end":{"line":50,"column":72}},"line":50}},"branchMap":{},"s":{"0":1,"1":0,"2":0,"3":0,"4":0,"5":1,"6":0,"7":0,"8":0,"9":0,"10":0,"11":1,"12":0,"13":0,"14":0,"15":0,"16":0,"17":0,"18":1,"19":1},"f":{"0":0,"1":0,"2":0,"3":0,"4":0},"b":{},"_coverageSchema":"1a1c01bbd47fc00a2c39e90264f33305004495a9","hash":"0e42bd351f9bc444e6bca28d90fcd21eb30421a9"}
,"D:\\PROJECT\\prisma-typescript-1\\backend5\\src\\routes\\authRoutes.ts": {"path":"D:\\PROJECT\\prisma-typescript-1\\backend5\\src\\routes\\authRoutes.ts","statementMap":{"0":{"start":{"line":4,"column":15},"end":{"line":4,"column":31}},"1":{"start":{"line":7,"column":0},"end":{"line":7,"column":34}},"2":{"start":{"line":8,"column":0},"end":{"line":8,"column":38}},"3":{"start":{"line":9,"column":0},"end":{"line":9,"column":33}}},"fnMap":{},"branchMap":{},"s":{"0":1,"1":1,"2":1,"3":1},"f":{},"b":{},"_coverageSchema":"1a1c01bbd47fc00a2c39e90264f33305004495a9","hash":"e5980fc6de6abb695f61033b3fe4fe2e12953064"}
,"D:\\PROJECT\\prisma-typescript-1\\backend5\\src\\routes\\mainRoutes.ts": {"path":"D:\\PROJECT\\prisma-typescript-1\\backend5\\src\\routes\\mainRoutes.ts","statementMap":{"0":{"start":{"line":12,"column":15},"end":{"line":12,"column":31}},"1":{"start":{"line":15,"column":0},"end":{"line":15,"column":70}},"2":{"start":{"line":16,"column":0},"end":{"line":16,"column":72}},"3":{"start":{"line":17,"column":0},"end":{"line":17,"column":70}},"4":{"start":{"line":18,"column":0},"end":{"line":18,"column":75}},"5":{"start":{"line":19,"column":0},"end":{"line":19,"column":76}},"6":{"start":{"line":22,"column":0},"end":{"line":22,"column":63}},"7":{"start":{"line":23,"column":0},"end":{"line":23,"column":66}},"8":{"start":{"line":24,"column":0},"end":{"line":24,"column":64}},"9":{"start":{"line":25,"column":0},"end":{"line":25,"column":69}},"10":{"start":{"line":26,"column":0},"end":{"line":26,"column":70}},"11":{"start":{"line":29,"column":0},"end":{"line":29,"column":63}},"12":{"start":{"line":30,"column":0},"end":{"line":30,"column":66}},"13":{"start":{"line":31,"column":0},"end":{"line":31,"column":64}},"14":{"start":{"line":32,"column":0},"end":{"line":32,"column":69}},"15":{"start":{"line":33,"column":0},"end":{"line":33,"column":70}},"16":{"start":{"line":36,"column":0},"end":{"line":36,"column":66}},"17":{"start":{"line":37,"column":0},"end":{"line":37,"column":69}},"18":{"start":{"line":38,"column":0},"end":{"line":38,"column":67}},"19":{"start":{"line":39,"column":0},"end":{"line":39,"column":72}},"20":{"start":{"line":40,"column":0},"end":{"line":40,"column":73}},"21":{"start":{"line":43,"column":0},"end":{"line":43,"column":60}},"22":{"start":{"line":44,"column":0},"end":{"line":44,"column":63}},"23":{"start":{"line":45,"column":0},"end":{"line":45,"column":61}},"24":{"start":{"line":46,"column":0},"end":{"line":46,"column":66}},"25":{"start":{"line":47,"column":0},"end":{"line":47,"column":67}},"26":{"start":{"line":50,"column":0},"end":{"line":50,"column":72}},"27":{"start":{"line":51,"column":0},"end":{"line":51,"column":75}},"28":{"start":{"line":52,"column":0},"end":{"line":52,"column":73}},"29":{"start":{"line":53,"column":0},"end":{"line":53,"column":78}},"30":{"start":{"line":54,"column":0},"end":{"line":54,"column":79}},"31":{"start":{"line":57,"column":0},"end":{"line":57,"column":91}},"32":{"start":{"line":58,"column":0},"end":{"line":58,"column":85}},"33":{"start":{"line":59,"column":0},"end":{"line":59,"column":92}},"34":{"start":{"line":60,"column":0},"end":{"line":60,"column":97}},"35":{"start":{"line":61,"column":0},"end":{"line":61,"column":98}},"36":{"start":{"line":64,"column":0},"end":{"line":64,"column":75}},"37":{"start":{"line":65,"column":0},"end":{"line":65,"column":78}},"38":{"start":{"line":66,"column":0},"end":{"line":66,"column":76}},"39":{"start":{"line":67,"column":0},"end":{"line":67,"column":81}},"40":{"start":{"line":68,"column":0},"end":{"line":68,"column":82}}},"fnMap":{},"branchMap":{},"s":{"0":1,"1":1,"2":1,"3":1,"4":1,"5":1,"6":1,"7":1,"8":1,"9":1,"10":1,"11":1,"12":1,"13":1,"14":1,"15":1,"16":1,"17":1,"18":1,"19":1,"20":1,"21":1,"22":1,"23":1,"24":1,"25":1,"26":1,"27":1,"28":1,"29":1,"30":1,"31":1,"32":1,"33":1,"34":1,"35":1,"36":1,"37":1,"38":1,"39":1,"40":1},"f":{},"b":{},"_coverageSchema":"1a1c01bbd47fc00a2c39e90264f33305004495a9","hash":"10039bfa7fe1427b12cebf35c1731396094af1bc"}
}
